Frontend:
  impl: SimpleO3
  cycles_recorded_core_0: 507619
  llc_write_misses: 0
  llc_mshr_unavailable: 6207
  llc_read_misses: 6292
  llc_write_access: 0
  memory_access_cycles_recorded_core_0: 2894
  llc_read_access: 506254
  llc_eviction: 0
  num_expected_insts: 500000
  Translation:
    impl: RandomTranslation


[UniformTRR][summary] openings=107 hammer_events=107 trr_events=0 para_events=35 bitflips=18 critical_bitflips=0 noncritical_bitflips=18 critical_trr_events=0 noncritical_trr_events=0 critical_para_events=2 noncritical_para_events=33 budget_blocks=0 budget_resets=0 prob_checks=92 prob_successes=18 para_checks=210 para_successes=36 budget_used_final_window=0/32
MemorySystem:
  impl: GenericDRAM
  total_num_other_requests: 0
  total_num_write_requests: 0
  total_num_read_requests: 72
  memory_system_cycles: 190357
  DRAM:
    impl: DDR4
  AddrMapper:
    impl: RoBaRaCoCh


  Controller:
    impl: Generic
    id: Channel 0
    num_read_reqs_0: 72
    queue_len_avg_0: 0.236103743
    read_row_conflicts_core_0: 31
    read_row_hits_core_0: 0
    write_row_misses_0: 0
    row_misses_0: 41
    read_row_misses_core_0: 41
    write_queue_len_0: 0
    read_queue_len_avg_0: 0.204941243
    avg_read_latency_0: 562.111084
    read_row_misses_0: 41
    priority_queue_len_0: 5932
    read_row_hits_0: 0
    read_latency_0: 40472
    priority_queue_len_avg_0: 0.0311625004
    row_conflicts_0: 31
    write_row_conflicts_0: 0
    num_write_reqs_0: 0
    write_queue_len_avg_0: 0
    queue_len_0: 44944
    num_other_reqs_0: 0
    write_row_hits_0: 0
    row_hits_0: 0
    read_queue_len_0: 39012
    read_row_conflicts_0: 31
    Scheduler:
      impl: FRFCFS
    RefreshManager:
      impl: AllBank


    RowPolicy:
      impl: ClosedRowPolicy
      num_close_reqs: 0
    ControllerPlugin:
      impl: UniformTRR



