Frontend:
  impl: SimpleO3
  cycles_recorded_core_0: 506235
  llc_write_misses: 0
  llc_mshr_unavailable: 4764
  llc_read_misses: 4851
  llc_write_access: 0
  memory_access_cycles_recorded_core_0: 2375
  llc_read_access: 504811
  llc_eviction: 0
  num_expected_insts: 500000
  Translation:
    impl: RandomTranslation


[UniformTRR][summary] openings=99 hammer_events=99 trr_events=0 para_events=27 bitflips=18 critical_bitflips=1 noncritical_bitflips=17 critical_trr_events=0 noncritical_trr_events=0 critical_para_events=2 noncritical_para_events=25 budget_blocks=0 budget_resets=0 prob_checks=85 prob_successes=18 para_checks=195 para_successes=27 budget_used_final_window=0/32
MemorySystem:
  impl: GenericDRAM
  total_num_other_requests: 0
  total_num_write_requests: 0
  total_num_read_requests: 72
  memory_system_cycles: 189838
  DRAM:
    impl: DDR4
  AddrMapper:
    impl: RoBaRaCoCh


  Controller:
    impl: Generic
    id: Channel 0
    num_read_reqs_0: 72
    queue_len_avg_0: 0.192711681
    read_row_conflicts_core_0: 35
    read_row_hits_core_0: 0
    write_row_misses_0: 0
    row_misses_0: 37
    read_row_misses_core_0: 37
    write_queue_len_0: 0
    read_queue_len_avg_0: 0.168196037
    avg_read_latency_0: 463.652771
    read_row_misses_0: 37
    priority_queue_len_0: 4654
    read_row_hits_0: 0
    read_latency_0: 33383
    priority_queue_len_avg_0: 0.02451564
    row_conflicts_0: 35
    write_row_conflicts_0: 0
    num_write_reqs_0: 0
    write_queue_len_avg_0: 0
    queue_len_0: 36584
    num_other_reqs_0: 0
    write_row_hits_0: 0
    row_hits_0: 0
    read_queue_len_0: 31930
    read_row_conflicts_0: 35
    Scheduler:
      impl: FRFCFS
    RefreshManager:
      impl: AllBank


    RowPolicy:
      impl: ClosedRowPolicy
      num_close_reqs: 0
    ControllerPlugin:
      impl: UniformTRR



