Frontend:
  impl: SimpleO3
  cycles_recorded_core_0: 509362
  llc_write_misses: 0
  llc_mshr_unavailable: 6316
  llc_read_misses: 6401
  llc_write_access: 0
  memory_access_cycles_recorded_core_0: 3550
  llc_read_access: 506363
  llc_eviction: 0
  num_expected_insts: 500000
  Translation:
    impl: RandomTranslation


[UniformTRR][summary] openings=118 hammer_events=118 trr_events=0 para_events=46 bitflips=26 critical_bitflips=4 noncritical_bitflips=22 critical_trr_events=0 noncritical_trr_events=0 critical_para_events=3 noncritical_para_events=43 budget_blocks=0 budget_resets=0 prob_checks=93 prob_successes=26 para_checks=233 para_successes=46 budget_used_final_window=0/32
MemorySystem:
  impl: GenericDRAM
  total_num_other_requests: 0
  total_num_write_requests: 0
  total_num_read_requests: 72
  memory_system_cycles: 191011
  DRAM:
    impl: DDR4
  AddrMapper:
    impl: RoBaRaCoCh


  Controller:
    impl: Generic
    id: Channel 0
    num_read_reqs_0: 72
    queue_len_avg_0: 0.274130821
    read_row_conflicts_core_0: 30
    read_row_hits_core_0: 0
    write_row_misses_0: 0
    row_misses_0: 42
    read_row_misses_core_0: 42
    write_queue_len_0: 0
    read_queue_len_avg_0: 0.231306046
    avg_read_latency_0: 633.875
    read_row_misses_0: 42
    priority_queue_len_0: 8180
    read_row_hits_0: 0
    read_latency_0: 45639
    priority_queue_len_avg_0: 0.0428247601
    row_conflicts_0: 30
    write_row_conflicts_0: 0
    num_write_reqs_0: 0
    write_queue_len_avg_0: 0
    queue_len_0: 52362
    num_other_reqs_0: 0
    write_row_hits_0: 0
    row_hits_0: 0
    read_queue_len_0: 44182
    read_row_conflicts_0: 30
    Scheduler:
      impl: FRFCFS
    RefreshManager:
      impl: AllBank


    RowPolicy:
      impl: ClosedRowPolicy
      num_close_reqs: 0
    ControllerPlugin:
      impl: UniformTRR



