Frontend:
  impl: SimpleO3
  cycles_recorded_core_0: 508790
  llc_write_misses: 0
  llc_mshr_unavailable: 8108
  llc_read_misses: 8191
  llc_write_access: 0
  memory_access_cycles_recorded_core_0: 3333
  llc_read_access: 508155
  llc_eviction: 0
  num_expected_insts: 500000
  Translation:
    impl: RandomTranslation


[UniformTRR][summary] openings=114 hammer_events=114 trr_events=0 para_events=42 bitflips=17 critical_bitflips=1 noncritical_bitflips=16 critical_trr_events=0 noncritical_trr_events=0 critical_para_events=0 noncritical_para_events=42 budget_blocks=0 budget_resets=0 prob_checks=183 prob_successes=17 para_checks=225 para_successes=42 budget_used_final_window=0/32
MemorySystem:
  impl: GenericDRAM
  total_num_other_requests: 0
  total_num_write_requests: 0
  total_num_read_requests: 72
  memory_system_cycles: 190796
  DRAM:
    impl: DDR4
  AddrMapper:
    impl: RoBaRaCoCh


  Controller:
    impl: Generic
    id: Channel 0
    num_read_reqs_0: 72
    queue_len_avg_0: 0.29264763
    read_row_conflicts_core_0: 27
    read_row_hits_core_0: 0
    write_row_misses_0: 0
    row_misses_0: 45
    read_row_misses_core_0: 45
    write_queue_len_0: 0
    read_queue_len_avg_0: 0.252300888
    avg_read_latency_0: 688.777771
    read_row_misses_0: 45
    priority_queue_len_0: 7698
    read_row_hits_0: 0
    read_latency_0: 49592
    priority_queue_len_avg_0: 0.0403467566
    row_conflicts_0: 27
    write_row_conflicts_0: 0
    num_write_reqs_0: 0
    write_queue_len_avg_0: 0
    queue_len_0: 55836
    num_other_reqs_0: 0
    write_row_hits_0: 0
    row_hits_0: 0
    read_queue_len_0: 48138
    read_row_conflicts_0: 27
    Scheduler:
      impl: FRFCFS
    RefreshManager:
      impl: AllBank


    RowPolicy:
      impl: ClosedRowPolicy
      num_close_reqs: 0
    ControllerPlugin:
      impl: UniformTRR



