Frontend:
  impl: SimpleO3
  cycles_recorded_core_0: 503982
  llc_write_misses: 0
  llc_mshr_unavailable: 3175
  llc_read_misses: 3258
  llc_write_access: 0
  memory_access_cycles_recorded_core_0: 1530
  llc_read_access: 503222
  llc_eviction: 0
  num_expected_insts: 500000
  Translation:
    impl: RandomTranslation


[UniformTRR][summary] openings=88 hammer_events=88 trr_events=0 para_events=16 bitflips=16 critical_bitflips=2 noncritical_bitflips=14 critical_trr_events=0 noncritical_trr_events=0 critical_para_events=2 noncritical_para_events=14 budget_blocks=0 budget_resets=0 prob_checks=158 prob_successes=16 para_checks=174 para_successes=16 budget_used_final_window=0/32
MemorySystem:
  impl: GenericDRAM
  total_num_other_requests: 0
  total_num_write_requests: 0
  total_num_read_requests: 72
  memory_system_cycles: 188993
  DRAM:
    impl: DDR4
  AddrMapper:
    impl: RoBaRaCoCh


  Controller:
    impl: Generic
    id: Channel 0
    num_read_reqs_0: 72
    queue_len_avg_0: 0.108072788
    read_row_conflicts_core_0: 37
    read_row_hits_core_0: 0
    write_row_misses_0: 0
    row_misses_0: 35
    read_row_misses_core_0: 35
    write_queue_len_0: 0
    read_queue_len_avg_0: 0.0947918743
    avg_read_latency_0: 270.861115
    read_row_misses_0: 35
    priority_queue_len_0: 2510
    read_row_hits_0: 0
    read_latency_0: 19502
    priority_queue_len_avg_0: 0.0132809151
    row_conflicts_0: 37
    write_row_conflicts_0: 0
    num_write_reqs_0: 0
    write_queue_len_avg_0: 0
    queue_len_0: 20425
    num_other_reqs_0: 0
    write_row_hits_0: 0
    row_hits_0: 0
    read_queue_len_0: 17915
    read_row_conflicts_0: 37
    Scheduler:
      impl: FRFCFS
    RefreshManager:
      impl: AllBank


    RowPolicy:
      impl: ClosedRowPolicy
      num_close_reqs: 0
    ControllerPlugin:
      impl: UniformTRR



