Frontend:
  impl: SimpleO3
  cycles_recorded_core_0: 505846
  llc_write_misses: 0
  llc_mshr_unavailable: 3988
  llc_read_misses: 4076
  llc_write_access: 0
  memory_access_cycles_recorded_core_0: 2229
  llc_read_access: 504035
  llc_eviction: 0
  num_expected_insts: 500000
  Translation:
    impl: RandomTranslation


[UniformTRR][summary] openings=97 hammer_events=97 trr_events=0 para_events=25 bitflips=16 critical_bitflips=2 noncritical_bitflips=14 critical_trr_events=0 noncritical_trr_events=0 critical_para_events=1 noncritical_para_events=24 budget_blocks=0 budget_resets=0 prob_checks=88 prob_successes=16 para_checks=191 para_successes=25 budget_used_final_window=0/32
MemorySystem:
  impl: GenericDRAM
  total_num_other_requests: 0
  total_num_write_requests: 0
  total_num_read_requests: 72
  memory_system_cycles: 189692
  DRAM:
    impl: DDR4
  AddrMapper:
    impl: RoBaRaCoCh


  Controller:
    impl: Generic
    id: Channel 0
    num_read_reqs_0: 72
    queue_len_avg_0: 0.167244792
    read_row_conflicts_core_0: 35
    read_row_hits_core_0: 0
    write_row_misses_0: 0
    row_misses_0: 37
    read_row_misses_core_0: 37
    write_queue_len_0: 0
    read_queue_len_avg_0: 0.144840062
    avg_read_latency_0: 403.125
    read_row_misses_0: 37
    priority_queue_len_0: 4250
    read_row_hits_0: 0
    read_latency_0: 29025
    priority_queue_len_avg_0: 0.0224047396
    row_conflicts_0: 35
    write_row_conflicts_0: 0
    num_write_reqs_0: 0
    write_queue_len_avg_0: 0
    queue_len_0: 31725
    num_other_reqs_0: 0
    write_row_hits_0: 0
    row_hits_0: 0
    read_queue_len_0: 27475
    read_row_conflicts_0: 35
    Scheduler:
      impl: FRFCFS
    RefreshManager:
      impl: AllBank


    RowPolicy:
      impl: ClosedRowPolicy
      num_close_reqs: 0
    ControllerPlugin:
      impl: UniformTRR



