Frontend:
  impl: SimpleO3
  cycles_recorded_core_0: 502609
  llc_write_misses: 0
  llc_mshr_unavailable: 2354
  llc_read_misses: 2439
  llc_write_access: 0
  memory_access_cycles_recorded_core_0: 1015
  llc_read_access: 502401
  llc_eviction: 0
  num_expected_insts: 500000
  Translation:
    impl: RandomTranslation


[UniformTRR][summary] openings=80 hammer_events=80 trr_events=0 para_events=8 bitflips=10 critical_bitflips=1 noncritical_bitflips=9 critical_trr_events=0 noncritical_trr_events=0 critical_para_events=2 noncritical_para_events=6 budget_blocks=0 budget_resets=0 prob_checks=17 prob_successes=10 para_checks=157 para_successes=8 budget_used_final_window=0/32
MemorySystem:
  impl: GenericDRAM
  total_num_other_requests: 0
  total_num_write_requests: 0
  total_num_read_requests: 72
  memory_system_cycles: 188478
  DRAM:
    impl: DDR4
  AddrMapper:
    impl: RoBaRaCoCh


  Controller:
    impl: Generic
    id: Channel 0
    num_read_reqs_0: 72
    queue_len_avg_0: 0.0738123283
    read_row_conflicts_core_0: 38
    read_row_hits_core_0: 0
    write_row_misses_0: 0
    row_misses_0: 34
    read_row_misses_core_0: 34
    write_queue_len_0: 0
    read_queue_len_avg_0: 0.0666602999
    avg_read_latency_0: 195.597229
    read_row_misses_0: 34
    priority_queue_len_0: 1348
    read_row_hits_0: 0
    read_latency_0: 14083
    priority_queue_len_avg_0: 0.00715202838
    row_conflicts_0: 38
    write_row_conflicts_0: 0
    num_write_reqs_0: 0
    write_queue_len_avg_0: 0
    queue_len_0: 13912
    num_other_reqs_0: 0
    write_row_hits_0: 0
    row_hits_0: 0
    read_queue_len_0: 12564
    read_row_conflicts_0: 38
    Scheduler:
      impl: FRFCFS
    RefreshManager:
      impl: AllBank


    RowPolicy:
      impl: ClosedRowPolicy
      num_close_reqs: 0
    ControllerPlugin:
      impl: UniformTRR



