Frontend:
  impl: SimpleO3
  cycles_recorded_core_0: 507638
  llc_write_misses: 0
  llc_mshr_unavailable: 6207
  llc_read_misses: 6292
  llc_write_access: 0
  memory_access_cycles_recorded_core_0: 2901
  llc_read_access: 506254
  llc_eviction: 0
  num_expected_insts: 500000
  Translation:
    impl: RandomTranslation


[UniformTRR][summary] openings=107 hammer_events=107 trr_events=0 para_events=35 bitflips=14 critical_bitflips=1 noncritical_bitflips=13 critical_trr_events=0 noncritical_trr_events=0 critical_para_events=2 noncritical_para_events=33 budget_blocks=0 budget_resets=0 prob_checks=90 prob_successes=14 para_checks=211 para_successes=36 budget_used_final_window=0/32
MemorySystem:
  impl: GenericDRAM
  total_num_other_requests: 0
  total_num_write_requests: 0
  total_num_read_requests: 72
  memory_system_cycles: 190364
  DRAM:
    impl: DDR4
  AddrMapper:
    impl: RoBaRaCoCh


  Controller:
    impl: Generic
    id: Channel 0
    num_read_reqs_0: 72
    queue_len_avg_0: 0.23303251
    read_row_conflicts_core_0: 31
    read_row_hits_core_0: 0
    write_row_misses_0: 0
    row_misses_0: 41
    read_row_misses_core_0: 41
    write_queue_len_0: 0
    read_queue_len_avg_0: 0.202427983
    avg_read_latency_0: 555.541687
    read_row_misses_0: 41
    priority_queue_len_0: 5826
    read_row_hits_0: 0
    read_latency_0: 39999
    priority_queue_len_avg_0: 0.0306045264
    row_conflicts_0: 31
    write_row_conflicts_0: 0
    num_write_reqs_0: 0
    write_queue_len_avg_0: 0
    queue_len_0: 44361
    num_other_reqs_0: 0
    write_row_hits_0: 0
    row_hits_0: 0
    read_queue_len_0: 38535
    read_row_conflicts_0: 31
    Scheduler:
      impl: FRFCFS
    RefreshManager:
      impl: AllBank


    RowPolicy:
      impl: ClosedRowPolicy
      num_close_reqs: 0
    ControllerPlugin:
      impl: UniformTRR



