Frontend:
  impl: SimpleO3
  cycles_recorded_core_0: 501627
  llc_write_misses: 0
  llc_mshr_unavailable: 1202
  llc_read_misses: 1285
  llc_write_access: 0
  memory_access_cycles_recorded_core_0: 647
  llc_read_access: 501249
  llc_eviction: 0
  num_expected_insts: 500000
  Translation:
    impl: RandomTranslation


[UniformTRR][summary] openings=76 hammer_events=15 trr_events=0 para_events=4 bitflips=0 critical_bitflips=0 noncritical_bitflips=0 critical_trr_events=0 noncritical_trr_events=0 critical_para_events=0 noncritical_para_events=4 budget_blocks=0 budget_resets=0 prob_checks=0 prob_successes=0 para_checks=29 para_successes=4 budget_used_final_window=0/32
MemorySystem:
  impl: GenericDRAM
  total_num_other_requests: 0
  total_num_write_requests: 0
  total_num_read_requests: 72
  memory_system_cycles: 188110
  DRAM:
    impl: DDR4
  AddrMapper:
    impl: RoBaRaCoCh


  Controller:
    impl: Generic
    id: Channel 0
    num_read_reqs_0: 72
    queue_len_avg_0: 0.0371803716
    read_row_conflicts_core_0: 43
    read_row_hits_core_0: 0
    write_row_misses_0: 0
    row_misses_0: 29
    read_row_misses_core_0: 29
    write_queue_len_0: 0
    read_queue_len_avg_0: 0.0331508145
    avg_read_latency_0: 107.833336
    read_row_misses_0: 29
    priority_queue_len_0: 758
    read_row_hits_0: 0
    read_latency_0: 7764
    priority_queue_len_avg_0: 0.00402955711
    row_conflicts_0: 43
    write_row_conflicts_0: 0
    num_write_reqs_0: 0
    write_queue_len_avg_0: 0
    queue_len_0: 6994
    num_other_reqs_0: 0
    write_row_hits_0: 0
    row_hits_0: 0
    read_queue_len_0: 6236
    read_row_conflicts_0: 43
    Scheduler:
      impl: FRFCFS
    RefreshManager:
      impl: AllBank


    RowPolicy:
      impl: ClosedRowPolicy
      num_close_reqs: 0
    ControllerPlugin:
      impl: UniformTRR



