Frontend:
  impl: SimpleO3
  cycles_recorded_core_0: 503739
  llc_write_misses: 0
  llc_mshr_unavailable: 3258
  llc_read_misses: 3341
  llc_write_access: 0
  memory_access_cycles_recorded_core_0: 1439
  llc_read_access: 503305
  llc_eviction: 0
  num_expected_insts: 500000
  Translation:
    impl: RandomTranslation


[UniformTRR][summary] openings=87 hammer_events=87 trr_events=0 para_events=15 bitflips=20 critical_bitflips=1 noncritical_bitflips=19 critical_trr_events=0 noncritical_trr_events=0 critical_para_events=1 noncritical_para_events=14 budget_blocks=0 budget_resets=0 prob_checks=156 prob_successes=20 para_checks=171 para_successes=15 budget_used_final_window=0/32
MemorySystem:
  impl: GenericDRAM
  total_num_other_requests: 0
  total_num_write_requests: 0
  total_num_read_requests: 72
  memory_system_cycles: 188902
  DRAM:
    impl: DDR4
  AddrMapper:
    impl: RoBaRaCoCh


  Controller:
    impl: Generic
    id: Channel 0
    num_read_reqs_0: 72
    queue_len_avg_0: 0.110639378
    read_row_conflicts_core_0: 40
    read_row_hits_core_0: 0
    write_row_misses_0: 0
    row_misses_0: 32
    read_row_misses_core_0: 32
    write_queue_len_0: 0
    read_queue_len_avg_0: 0.0970026776
    avg_read_latency_0: 276.388885
    read_row_misses_0: 32
    priority_queue_len_0: 2576
    read_row_hits_0: 0
    read_latency_0: 19900
    priority_queue_len_avg_0: 0.0136367008
    row_conflicts_0: 40
    write_row_conflicts_0: 0
    num_write_reqs_0: 0
    write_queue_len_avg_0: 0
    queue_len_0: 20900
    num_other_reqs_0: 0
    write_row_hits_0: 0
    row_hits_0: 0
    read_queue_len_0: 18324
    read_row_conflicts_0: 40
    Scheduler:
      impl: FRFCFS
    RefreshManager:
      impl: AllBank


    RowPolicy:
      impl: ClosedRowPolicy
      num_close_reqs: 0
    ControllerPlugin:
      impl: UniformTRR



