Frontend:
  impl: SimpleO3
  cycles_recorded_core_0: 502665
  llc_write_misses: 0
  llc_mshr_unavailable: 2191
  llc_read_misses: 2278
  llc_write_access: 0
  memory_access_cycles_recorded_core_0: 1036
  llc_read_access: 502238
  llc_eviction: 0
  num_expected_insts: 500000
  Translation:
    impl: RandomTranslation


[UniformTRR][summary] openings=80 hammer_events=80 trr_events=0 para_events=8 bitflips=0 critical_bitflips=0 noncritical_bitflips=0 critical_trr_events=0 noncritical_trr_events=0 critical_para_events=1 noncritical_para_events=7 budget_blocks=0 budget_resets=0 prob_checks=0 prob_successes=0 para_checks=160 para_successes=8 budget_used_final_window=0/32
MemorySystem:
  impl: GenericDRAM
  total_num_other_requests: 0
  total_num_write_requests: 0
  total_num_read_requests: 72
  memory_system_cycles: 188499
  DRAM:
    impl: DDR4
  AddrMapper:
    impl: RoBaRaCoCh


  Controller:
    impl: Generic
    id: Channel 0
    num_read_reqs_0: 72
    queue_len_avg_0: 0.0741648525
    read_row_conflicts_core_0: 40
    read_row_hits_core_0: 0
    write_row_misses_0: 0
    row_misses_0: 32
    read_row_misses_core_0: 32
    write_queue_len_0: 0
    read_queue_len_avg_0: 0.0670454502
    avg_read_latency_0: 198.069443
    read_row_misses_0: 32
    priority_queue_len_0: 1342
    read_row_hits_0: 0
    read_latency_0: 14261
    priority_queue_len_avg_0: 0.00711940136
    row_conflicts_0: 40
    write_row_conflicts_0: 0
    num_write_reqs_0: 0
    write_queue_len_avg_0: 0
    queue_len_0: 13980
    num_other_reqs_0: 0
    write_row_hits_0: 0
    row_hits_0: 0
    read_queue_len_0: 12638
    read_row_conflicts_0: 40
    Scheduler:
      impl: FRFCFS
    RefreshManager:
      impl: AllBank


    RowPolicy:
      impl: ClosedRowPolicy
      num_close_reqs: 0
    ControllerPlugin:
      impl: UniformTRR



