Frontend:
  impl: SimpleO3
  cycles_recorded_core_0: 502947
  llc_write_misses: 0
  llc_mshr_unavailable: 2682
  llc_read_misses: 2766
  llc_write_access: 0
  memory_access_cycles_recorded_core_0: 1142
  llc_read_access: 502729
  llc_eviction: 0
  num_expected_insts: 500000
  Translation:
    impl: RandomTranslation


[UniformTRR][summary] openings=81 hammer_events=81 trr_events=0 para_events=9 bitflips=12 critical_bitflips=1 noncritical_bitflips=11 critical_trr_events=0 noncritical_trr_events=0 critical_para_events=2 noncritical_para_events=7 budget_blocks=0 budget_resets=0 prob_checks=151 prob_successes=12 para_checks=160 para_successes=9 budget_used_final_window=0/32
MemorySystem:
  impl: GenericDRAM
  total_num_other_requests: 0
  total_num_write_requests: 0
  total_num_read_requests: 72
  memory_system_cycles: 188605
  DRAM:
    impl: DDR4
  AddrMapper:
    impl: RoBaRaCoCh


  Controller:
    impl: Generic
    id: Channel 0
    num_read_reqs_0: 72
    queue_len_avg_0: 0.0839956552
    read_row_conflicts_core_0: 41
    read_row_hits_core_0: 0
    write_row_misses_0: 0
    row_misses_0: 31
    read_row_misses_core_0: 31
    write_queue_len_0: 0
    read_queue_len_avg_0: 0.0766681656
    avg_read_latency_0: 222.486115
    read_row_misses_0: 31
    priority_queue_len_0: 1382
    read_row_hits_0: 0
    read_latency_0: 16019
    priority_queue_len_avg_0: 0.0073274835
    row_conflicts_0: 41
    write_row_conflicts_0: 0
    num_write_reqs_0: 0
    write_queue_len_avg_0: 0
    queue_len_0: 15842
    num_other_reqs_0: 0
    write_row_hits_0: 0
    row_hits_0: 0
    read_queue_len_0: 14460
    read_row_conflicts_0: 41
    Scheduler:
      impl: FRFCFS
    RefreshManager:
      impl: AllBank


    RowPolicy:
      impl: ClosedRowPolicy
      num_close_reqs: 0
    ControllerPlugin:
      impl: UniformTRR



