Frontend:
  impl: SimpleO3
  cycles_recorded_core_0: 508129
  llc_write_misses: 0
  llc_mshr_unavailable: 6562
  llc_read_misses: 6649
  llc_write_access: 0
  memory_access_cycles_recorded_core_0: 3085
  llc_read_access: 506609
  llc_eviction: 0
  num_expected_insts: 500000
  Translation:
    impl: RandomTranslation


[UniformTRR][summary] openings=110 hammer_events=110 trr_events=0 para_events=38 bitflips=13 critical_bitflips=2 noncritical_bitflips=11 critical_trr_events=0 noncritical_trr_events=0 critical_para_events=1 noncritical_para_events=37 budget_blocks=0 budget_resets=0 prob_checks=178 prob_successes=13 para_checks=216 para_successes=38 budget_used_final_window=0/32
MemorySystem:
  impl: GenericDRAM
  total_num_other_requests: 0
  total_num_write_requests: 0
  total_num_read_requests: 72
  memory_system_cycles: 190548
  DRAM:
    impl: DDR4
  AddrMapper:
    impl: RoBaRaCoCh


  Controller:
    impl: Generic
    id: Channel 0
    num_read_reqs_0: 72
    queue_len_avg_0: 0.253789067
    read_row_conflicts_core_0: 29
    read_row_hits_core_0: 0
    write_row_misses_0: 0
    row_misses_0: 43
    read_row_misses_core_0: 43
    write_queue_len_0: 0
    read_queue_len_avg_0: 0.220957443
    avg_read_latency_0: 605.069458
    read_row_misses_0: 43
    priority_queue_len_0: 6256
    read_row_hits_0: 0
    read_latency_0: 43565
    priority_queue_len_avg_0: 0.0328316242
    row_conflicts_0: 29
    write_row_conflicts_0: 0
    num_write_reqs_0: 0
    write_queue_len_avg_0: 0
    queue_len_0: 48359
    num_other_reqs_0: 0
    write_row_hits_0: 0
    row_hits_0: 0
    read_queue_len_0: 42103
    read_row_conflicts_0: 29
    Scheduler:
      impl: FRFCFS
    RefreshManager:
      impl: AllBank


    RowPolicy:
      impl: ClosedRowPolicy
      num_close_reqs: 0
    ControllerPlugin:
      impl: UniformTRR



