Frontend:
  impl: SimpleO3
  cycles_recorded_core_0: 505977
  llc_write_misses: 0
  llc_mshr_unavailable: 5140
  llc_read_misses: 5223
  llc_write_access: 0
  memory_access_cycles_recorded_core_0: 2278
  llc_read_access: 505187
  llc_eviction: 0
  num_expected_insts: 500000
  Translation:
    impl: RandomTranslation


[UniformTRR][summary] openings=98 hammer_events=98 trr_events=0 para_events=26 bitflips=16 critical_bitflips=0 noncritical_bitflips=16 critical_trr_events=0 noncritical_trr_events=0 critical_para_events=1 noncritical_para_events=25 budget_blocks=0 budget_resets=0 prob_checks=168 prob_successes=16 para_checks=194 para_successes=26 budget_used_final_window=0/32
MemorySystem:
  impl: GenericDRAM
  total_num_other_requests: 0
  total_num_write_requests: 0
  total_num_read_requests: 72
  memory_system_cycles: 189741
  DRAM:
    impl: DDR4
  AddrMapper:
    impl: RoBaRaCoCh


  Controller:
    impl: Generic
    id: Channel 0
    num_read_reqs_0: 72
    queue_len_avg_0: 0.184646443
    read_row_conflicts_core_0: 33
    read_row_hits_core_0: 0
    write_row_misses_0: 0
    row_misses_0: 39
    read_row_misses_core_0: 39
    write_queue_len_0: 0
    read_queue_len_avg_0: 0.162584782
    avg_read_latency_0: 449.513885
    read_row_misses_0: 39
    priority_queue_len_0: 4186
    read_row_hits_0: 0
    read_latency_0: 32365
    priority_queue_len_avg_0: 0.0220616516
    row_conflicts_0: 33
    write_row_conflicts_0: 0
    num_write_reqs_0: 0
    write_queue_len_avg_0: 0
    queue_len_0: 35035
    num_other_reqs_0: 0
    write_row_hits_0: 0
    row_hits_0: 0
    read_queue_len_0: 30849
    read_row_conflicts_0: 33
    Scheduler:
      impl: FRFCFS
    RefreshManager:
      impl: AllBank


    RowPolicy:
      impl: ClosedRowPolicy
      num_close_reqs: 0
    ControllerPlugin:
      impl: UniformTRR



