Frontend:
  impl: SimpleO3
  cycles_recorded_core_0: 506849
  llc_write_misses: 0
  llc_mshr_unavailable: 4807
  llc_read_misses: 4894
  llc_write_access: 0
  memory_access_cycles_recorded_core_0: 2605
  llc_read_access: 504854
  llc_eviction: 0
  num_expected_insts: 500000
  Translation:
    impl: RandomTranslation


[UniformTRR][summary] openings=104 hammer_events=104 trr_events=0 para_events=32 bitflips=22 critical_bitflips=2 noncritical_bitflips=20 critical_trr_events=0 noncritical_trr_events=0 critical_para_events=1 noncritical_para_events=31 budget_blocks=0 budget_resets=0 prob_checks=87 prob_successes=22 para_checks=204 para_successes=32 budget_used_final_window=0/32
MemorySystem:
  impl: GenericDRAM
  total_num_other_requests: 0
  total_num_write_requests: 0
  total_num_read_requests: 72
  memory_system_cycles: 190068
  DRAM:
    impl: DDR4
  AddrMapper:
    impl: RoBaRaCoCh


  Controller:
    impl: Generic
    id: Channel 0
    num_read_reqs_0: 72
    queue_len_avg_0: 0.210956082
    read_row_conflicts_core_0: 32
    read_row_hits_core_0: 0
    write_row_misses_0: 0
    row_misses_0: 40
    read_row_misses_core_0: 40
    write_queue_len_0: 0
    read_queue_len_avg_0: 0.180945769
    avg_read_latency_0: 498.541656
    read_row_misses_0: 40
    priority_queue_len_0: 5704
    read_row_hits_0: 0
    read_latency_0: 35895
    priority_queue_len_avg_0: 0.0300103128
    row_conflicts_0: 32
    write_row_conflicts_0: 0
    num_write_reqs_0: 0
    write_queue_len_avg_0: 0
    queue_len_0: 40096
    num_other_reqs_0: 0
    write_row_hits_0: 0
    row_hits_0: 0
    read_queue_len_0: 34392
    read_row_conflicts_0: 32
    Scheduler:
      impl: FRFCFS
    RefreshManager:
      impl: AllBank


    RowPolicy:
      impl: ClosedRowPolicy
      num_close_reqs: 0
    ControllerPlugin:
      impl: UniformTRR



