Frontend:
  impl: SimpleO3
  cycles_recorded_core_0: 510410
  llc_write_misses: 0
  llc_mshr_unavailable: 7884
  llc_read_misses: 7970
  llc_write_access: 0
  memory_access_cycles_recorded_core_0: 3943
  llc_read_access: 507931
  llc_eviction: 0
  num_expected_insts: 500000
  Translation:
    impl: RandomTranslation


[UniformTRR][summary] openings=123 hammer_events=123 trr_events=0 para_events=51 bitflips=16 critical_bitflips=2 noncritical_bitflips=14 critical_trr_events=0 noncritical_trr_events=0 critical_para_events=3 noncritical_para_events=48 budget_blocks=0 budget_resets=0 prob_checks=94 prob_successes=16 para_checks=241 para_successes=51 budget_used_final_window=0/32
MemorySystem:
  impl: GenericDRAM
  total_num_other_requests: 0
  total_num_write_requests: 0
  total_num_read_requests: 72
  memory_system_cycles: 191404
  DRAM:
    impl: DDR4
  AddrMapper:
    impl: RoBaRaCoCh


  Controller:
    impl: Generic
    id: Channel 0
    num_read_reqs_0: 72
    queue_len_avg_0: 0.322689176
    read_row_conflicts_core_0: 25
    read_row_hits_core_0: 0
    write_row_misses_0: 0
    row_misses_0: 47
    read_row_misses_core_0: 47
    write_queue_len_0: 0
    read_queue_len_avg_0: 0.277956575
    avg_read_latency_0: 758.5
    read_row_misses_0: 47
    priority_queue_len_0: 8562
    read_row_hits_0: 0
    read_latency_0: 54612
    priority_queue_len_avg_0: 0.0447326079
    row_conflicts_0: 25
    write_row_conflicts_0: 0
    num_write_reqs_0: 0
    write_queue_len_avg_0: 0
    queue_len_0: 61764
    num_other_reqs_0: 0
    write_row_hits_0: 0
    row_hits_0: 0
    read_queue_len_0: 53202
    read_row_conflicts_0: 25
    Scheduler:
      impl: FRFCFS
    RefreshManager:
      impl: AllBank


    RowPolicy:
      impl: ClosedRowPolicy
      num_close_reqs: 0
    ControllerPlugin:
      impl: UniformTRR



