Frontend:
  impl: SimpleO3
  cycles_recorded_core_0: 504961
  llc_write_misses: 0
  llc_mshr_unavailable: 3596
  llc_read_misses: 3682
  llc_write_access: 0
  memory_access_cycles_recorded_core_0: 1897
  llc_read_access: 503643
  llc_eviction: 0
  num_expected_insts: 500000
  Translation:
    impl: RandomTranslation


[UniformTRR][summary] openings=93 hammer_events=93 trr_events=0 para_events=21 bitflips=15 critical_bitflips=2 noncritical_bitflips=13 critical_trr_events=0 noncritical_trr_events=0 critical_para_events=0 noncritical_para_events=21 budget_blocks=0 budget_resets=0 prob_checks=85 prob_successes=15 para_checks=183 para_successes=21 budget_used_final_window=0/32
MemorySystem:
  impl: GenericDRAM
  total_num_other_requests: 0
  total_num_write_requests: 0
  total_num_read_requests: 72
  memory_system_cycles: 189360
  DRAM:
    impl: DDR4
  AddrMapper:
    impl: RoBaRaCoCh


  Controller:
    impl: Generic
    id: Channel 0
    num_read_reqs_0: 72
    queue_len_avg_0: 0.139612377
    read_row_conflicts_core_0: 36
    read_row_hits_core_0: 0
    write_row_misses_0: 0
    row_misses_0: 36
    read_row_misses_core_0: 36
    write_queue_len_0: 0
    read_queue_len_avg_0: 0.121931769
    avg_read_latency_0: 341.888885
    read_row_misses_0: 36
    priority_queue_len_0: 3348
    read_row_hits_0: 0
    read_latency_0: 24616
    priority_queue_len_avg_0: 0.0176806077
    row_conflicts_0: 36
    write_row_conflicts_0: 0
    num_write_reqs_0: 0
    write_queue_len_avg_0: 0
    queue_len_0: 26437
    num_other_reqs_0: 0
    write_row_hits_0: 0
    row_hits_0: 0
    read_queue_len_0: 23089
    read_row_conflicts_0: 36
    Scheduler:
      impl: FRFCFS
    RefreshManager:
      impl: AllBank


    RowPolicy:
      impl: ClosedRowPolicy
      num_close_reqs: 0
    ControllerPlugin:
      impl: UniformTRR



