Frontend:
  impl: SimpleO3
  cycles_recorded_core_0: 503395
  llc_write_misses: 0
  llc_mshr_unavailable: 2879
  llc_read_misses: 2962
  llc_write_access: 0
  memory_access_cycles_recorded_core_0: 1310
  llc_read_access: 502926
  llc_eviction: 0
  num_expected_insts: 500000
  Translation:
    impl: RandomTranslation


[UniformTRR][summary] openings=83 hammer_events=83 trr_events=0 para_events=11 bitflips=14 critical_bitflips=2 noncritical_bitflips=12 critical_trr_events=0 noncritical_trr_events=0 critical_para_events=0 noncritical_para_events=11 budget_blocks=0 budget_resets=0 prob_checks=153 prob_successes=14 para_checks=164 para_successes=11 budget_used_final_window=0/32
MemorySystem:
  impl: GenericDRAM
  total_num_other_requests: 0
  total_num_write_requests: 0
  total_num_read_requests: 72
  memory_system_cycles: 188773
  DRAM:
    impl: DDR4
  AddrMapper:
    impl: RoBaRaCoCh


  Controller:
    impl: Generic
    id: Channel 0
    num_read_reqs_0: 72
    queue_len_avg_0: 0.0930800512
    read_row_conflicts_core_0: 40
    read_row_hits_core_0: 0
    write_row_misses_0: 0
    row_misses_0: 32
    read_row_misses_core_0: 32
    write_queue_len_0: 0
    read_queue_len_avg_0: 0.0842122585
    avg_read_latency_0: 242.736115
    read_row_misses_0: 32
    priority_queue_len_0: 1674
    read_row_hits_0: 0
    read_latency_0: 17477
    priority_queue_len_avg_0: 0.00886779372
    row_conflicts_0: 40
    write_row_conflicts_0: 0
    num_write_reqs_0: 0
    write_queue_len_avg_0: 0
    queue_len_0: 17571
    num_other_reqs_0: 0
    write_row_hits_0: 0
    row_hits_0: 0
    read_queue_len_0: 15897
    read_row_conflicts_0: 40
    Scheduler:
      impl: FRFCFS
    RefreshManager:
      impl: AllBank


    RowPolicy:
      impl: ClosedRowPolicy
      num_close_reqs: 0
    ControllerPlugin:
      impl: UniformTRR



