Frontend:
  impl: SimpleO3
  cycles_recorded_core_0: 506164
  llc_write_misses: 0
  llc_mshr_unavailable: 4743
  llc_read_misses: 4827
  llc_write_access: 0
  memory_access_cycles_recorded_core_0: 2351
  llc_read_access: 504790
  llc_eviction: 0
  num_expected_insts: 500000
  Translation:
    impl: RandomTranslation


[UniformTRR][summary] openings=98 hammer_events=98 trr_events=0 para_events=26 bitflips=15 critical_bitflips=0 noncritical_bitflips=15 critical_trr_events=0 noncritical_trr_events=0 critical_para_events=3 noncritical_para_events=23 budget_blocks=0 budget_resets=0 prob_checks=168 prob_successes=15 para_checks=194 para_successes=26 budget_used_final_window=0/32
MemorySystem:
  impl: GenericDRAM
  total_num_other_requests: 0
  total_num_write_requests: 0
  total_num_read_requests: 72
  memory_system_cycles: 189812
  DRAM:
    impl: DDR4
  AddrMapper:
    impl: RoBaRaCoCh


  Controller:
    impl: Generic
    id: Channel 0
    num_read_reqs_0: 72
    queue_len_avg_0: 0.186589882
    read_row_conflicts_core_0: 33
    read_row_hits_core_0: 0
    write_row_misses_0: 0
    row_misses_0: 39
    read_row_misses_core_0: 39
    write_queue_len_0: 0
    read_queue_len_avg_0: 0.164557561
    avg_read_latency_0: 454.819458
    read_row_misses_0: 39
    priority_queue_len_0: 4182
    read_row_hits_0: 0
    read_latency_0: 32747
    priority_queue_len_avg_0: 0.0220323261
    row_conflicts_0: 33
    write_row_conflicts_0: 0
    num_write_reqs_0: 0
    write_queue_len_avg_0: 0
    queue_len_0: 35417
    num_other_reqs_0: 0
    write_row_hits_0: 0
    row_hits_0: 0
    read_queue_len_0: 31235
    read_row_conflicts_0: 33
    Scheduler:
      impl: FRFCFS
    RefreshManager:
      impl: AllBank


    RowPolicy:
      impl: ClosedRowPolicy
      num_close_reqs: 0
    ControllerPlugin:
      impl: UniformTRR



