Frontend:
  impl: SimpleO3
  cycles_recorded_core_0: 504910
  llc_write_misses: 0
  llc_mshr_unavailable: 3591
  llc_read_misses: 3678
  llc_write_access: 0
  memory_access_cycles_recorded_core_0: 1878
  llc_read_access: 503638
  llc_eviction: 0
  num_expected_insts: 500000
  Translation:
    impl: RandomTranslation


[UniformTRR][summary] openings=92 hammer_events=92 trr_events=0 para_events=20 bitflips=23 critical_bitflips=2 noncritical_bitflips=21 critical_trr_events=0 noncritical_trr_events=0 critical_para_events=0 noncritical_para_events=20 budget_blocks=0 budget_resets=0 prob_checks=161 prob_successes=23 para_checks=181 para_successes=20 budget_used_final_window=0/32
MemorySystem:
  impl: GenericDRAM
  total_num_other_requests: 0
  total_num_write_requests: 0
  total_num_read_requests: 72
  memory_system_cycles: 189341
  DRAM:
    impl: DDR4
  AddrMapper:
    impl: RoBaRaCoCh


  Controller:
    impl: Generic
    id: Channel 0
    num_read_reqs_0: 72
    queue_len_avg_0: 0.13780956
    read_row_conflicts_core_0: 39
    read_row_hits_core_0: 0
    write_row_misses_0: 0
    row_misses_0: 33
    read_row_misses_core_0: 33
    write_queue_len_0: 0
    read_queue_len_avg_0: 0.121468671
    avg_read_latency_0: 340.791656
    read_row_misses_0: 33
    priority_queue_len_0: 3094
    read_row_hits_0: 0
    read_latency_0: 24537
    priority_queue_len_avg_0: 0.0163408872
    row_conflicts_0: 39
    write_row_conflicts_0: 0
    num_write_reqs_0: 0
    write_queue_len_avg_0: 0
    queue_len_0: 26093
    num_other_reqs_0: 0
    write_row_hits_0: 0
    row_hits_0: 0
    read_queue_len_0: 22999
    read_row_conflicts_0: 39
    Scheduler:
      impl: FRFCFS
    RefreshManager:
      impl: AllBank


    RowPolicy:
      impl: ClosedRowPolicy
      num_close_reqs: 0
    ControllerPlugin:
      impl: UniformTRR



