Frontend:
  impl: SimpleO3
  cycles_recorded_core_0: 506427
  llc_write_misses: 0
  llc_mshr_unavailable: 5935
  llc_read_misses: 6020
  llc_write_access: 0
  memory_access_cycles_recorded_core_0: 2447
  llc_read_access: 505982
  llc_eviction: 0
  num_expected_insts: 500000
  Translation:
    impl: RandomTranslation


[UniformTRR][summary] openings=100 hammer_events=100 trr_events=0 para_events=28 bitflips=18 critical_bitflips=2 noncritical_bitflips=16 critical_trr_events=0 noncritical_trr_events=0 critical_para_events=0 noncritical_para_events=28 budget_blocks=0 budget_resets=0 prob_checks=169 prob_successes=18 para_checks=197 para_successes=28 budget_used_final_window=0/32
MemorySystem:
  impl: GenericDRAM
  total_num_other_requests: 0
  total_num_write_requests: 0
  total_num_read_requests: 72
  memory_system_cycles: 189910
  DRAM:
    impl: DDR4
  AddrMapper:
    impl: RoBaRaCoCh


  Controller:
    impl: Generic
    id: Channel 0
    num_read_reqs_0: 72
    queue_len_avg_0: 0.20914644
    read_row_conflicts_core_0: 31
    read_row_hits_core_0: 0
    write_row_misses_0: 0
    row_misses_0: 41
    read_row_misses_core_0: 41
    write_queue_len_0: 0
    read_queue_len_avg_0: 0.184440002
    avg_read_latency_0: 507.111115
    read_row_misses_0: 41
    priority_queue_len_0: 4692
    read_row_hits_0: 0
    read_latency_0: 36512
    priority_queue_len_avg_0: 0.02470644
    row_conflicts_0: 31
    write_row_conflicts_0: 0
    num_write_reqs_0: 0
    write_queue_len_avg_0: 0
    queue_len_0: 39719
    num_other_reqs_0: 0
    write_row_hits_0: 0
    row_hits_0: 0
    read_queue_len_0: 35027
    read_row_conflicts_0: 31
    Scheduler:
      impl: FRFCFS
    RefreshManager:
      impl: AllBank


    RowPolicy:
      impl: ClosedRowPolicy
      num_close_reqs: 0
    ControllerPlugin:
      impl: UniformTRR



