Frontend:
  impl: SimpleO3
  cycles_recorded_core_0: 505582
  llc_write_misses: 0
  llc_mshr_unavailable: 4770
  llc_read_misses: 4853
  llc_write_access: 0
  memory_access_cycles_recorded_core_0: 2130
  llc_read_access: 504817
  llc_eviction: 0
  num_expected_insts: 500000
  Translation:
    impl: RandomTranslation


[UniformTRR][summary] openings=96 hammer_events=96 trr_events=0 para_events=24 bitflips=23 critical_bitflips=2 noncritical_bitflips=21 critical_trr_events=0 noncritical_trr_events=0 critical_para_events=1 noncritical_para_events=23 budget_blocks=0 budget_resets=0 prob_checks=165 prob_successes=23 para_checks=189 para_successes=24 budget_used_final_window=0/32
MemorySystem:
  impl: GenericDRAM
  total_num_other_requests: 0
  total_num_write_requests: 0
  total_num_read_requests: 72
  memory_system_cycles: 189593
  DRAM:
    impl: DDR4
  AddrMapper:
    impl: RoBaRaCoCh


  Controller:
    impl: Generic
    id: Channel 0
    num_read_reqs_0: 72
    queue_len_avg_0: 0.169594869
    read_row_conflicts_core_0: 37
    read_row_hits_core_0: 0
    write_row_misses_0: 0
    row_misses_0: 35
    read_row_misses_core_0: 35
    write_queue_len_0: 0
    read_queue_len_avg_0: 0.148549795
    avg_read_latency_0: 412.375
    read_row_misses_0: 35
    priority_queue_len_0: 3990
    read_row_hits_0: 0
    read_latency_0: 29691
    priority_queue_len_avg_0: 0.0210450813
    row_conflicts_0: 37
    write_row_conflicts_0: 0
    num_write_reqs_0: 0
    write_queue_len_avg_0: 0
    queue_len_0: 32154
    num_other_reqs_0: 0
    write_row_hits_0: 0
    row_hits_0: 0
    read_queue_len_0: 28164
    read_row_conflicts_0: 37
    Scheduler:
      impl: FRFCFS
    RefreshManager:
      impl: AllBank


    RowPolicy:
      impl: ClosedRowPolicy
      num_close_reqs: 0
    ControllerPlugin:
      impl: UniformTRR



