Frontend:
  impl: SimpleO3
  cycles_recorded_core_0: 504577
  llc_write_misses: 0
  llc_mshr_unavailable: 3180
  llc_read_misses: 3268
  llc_write_access: 0
  memory_access_cycles_recorded_core_0: 1753
  llc_read_access: 503227
  llc_eviction: 0
  num_expected_insts: 500000
  Translation:
    impl: RandomTranslation


[UniformTRR][summary] openings=90 hammer_events=90 trr_events=0 para_events=18 bitflips=15 critical_bitflips=2 noncritical_bitflips=13 critical_trr_events=0 noncritical_trr_events=0 critical_para_events=2 noncritical_para_events=16 budget_blocks=0 budget_resets=0 prob_checks=160 prob_successes=15 para_checks=178 para_successes=18 budget_used_final_window=0/32
MemorySystem:
  impl: GenericDRAM
  total_num_other_requests: 0
  total_num_write_requests: 0
  total_num_read_requests: 72
  memory_system_cycles: 189216
  DRAM:
    impl: DDR4
  AddrMapper:
    impl: RoBaRaCoCh


  Controller:
    impl: Generic
    id: Channel 0
    num_read_reqs_0: 72
    queue_len_avg_0: 0.124883734
    read_row_conflicts_core_0: 36
    read_row_hits_core_0: 0
    write_row_misses_0: 0
    row_misses_0: 36
    read_row_misses_core_0: 36
    write_queue_len_0: 0
    read_queue_len_avg_0: 0.109504484
    avg_read_latency_0: 309.611115
    read_row_misses_0: 36
    priority_queue_len_0: 2910
    read_row_hits_0: 0
    read_latency_0: 22292
    priority_queue_len_avg_0: 0.0153792491
    row_conflicts_0: 36
    write_row_conflicts_0: 0
    num_write_reqs_0: 0
    write_queue_len_avg_0: 0
    queue_len_0: 23630
    num_other_reqs_0: 0
    write_row_hits_0: 0
    row_hits_0: 0
    read_queue_len_0: 20720
    read_row_conflicts_0: 36
    Scheduler:
      impl: FRFCFS
    RefreshManager:
      impl: AllBank


    RowPolicy:
      impl: ClosedRowPolicy
      num_close_reqs: 0
    ControllerPlugin:
      impl: UniformTRR



