Frontend:
  impl: SimpleO3
  cycles_recorded_core_0: 503441
  llc_write_misses: 0
  llc_mshr_unavailable: 2631
  llc_read_misses: 2714
  llc_write_access: 0
  memory_access_cycles_recorded_core_0: 1327
  llc_read_access: 502678
  llc_eviction: 0
  num_expected_insts: 500000
  Translation:
    impl: RandomTranslation


[UniformTRR][summary] openings=84 hammer_events=84 trr_events=0 para_events=12 bitflips=15 critical_bitflips=2 noncritical_bitflips=13 critical_trr_events=0 noncritical_trr_events=0 critical_para_events=0 noncritical_para_events=12 budget_blocks=0 budget_resets=0 prob_checks=80 prob_successes=15 para_checks=165 para_successes=12 budget_used_final_window=0/32
MemorySystem:
  impl: GenericDRAM
  total_num_other_requests: 0
  total_num_write_requests: 0
  total_num_read_requests: 72
  memory_system_cycles: 188790
  DRAM:
    impl: DDR4
  AddrMapper:
    impl: RoBaRaCoCh


  Controller:
    impl: Generic
    id: Channel 0
    num_read_reqs_0: 72
    queue_len_avg_0: 0.093479529
    read_row_conflicts_core_0: 40
    read_row_hits_core_0: 0
    write_row_misses_0: 0
    row_misses_0: 32
    read_row_misses_core_0: 32
    write_queue_len_0: 0
    read_queue_len_avg_0: 0.0827162489
    avg_read_latency_0: 239.027771
    read_row_misses_0: 32
    priority_queue_len_0: 2032
    read_row_hits_0: 0
    read_latency_0: 17210
    priority_queue_len_avg_0: 0.010763282
    row_conflicts_0: 40
    write_row_conflicts_0: 0
    num_write_reqs_0: 0
    write_queue_len_avg_0: 0
    queue_len_0: 17648
    num_other_reqs_0: 0
    write_row_hits_0: 0
    row_hits_0: 0
    read_queue_len_0: 15616
    read_row_conflicts_0: 40
    Scheduler:
      impl: FRFCFS
    RefreshManager:
      impl: AllBank


    RowPolicy:
      impl: ClosedRowPolicy
      num_close_reqs: 0
    ControllerPlugin:
      impl: UniformTRR



