Frontend:
  impl: SimpleO3
  cycles_recorded_core_0: 502598
  llc_write_misses: 0
  llc_mshr_unavailable: 1983
  llc_read_misses: 2068
  llc_write_access: 0
  memory_access_cycles_recorded_core_0: 1011
  llc_read_access: 502030
  llc_eviction: 0
  num_expected_insts: 500000
  Translation:
    impl: RandomTranslation


[UniformTRR][summary] openings=80 hammer_events=80 trr_events=0 para_events=8 bitflips=11 critical_bitflips=0 noncritical_bitflips=11 critical_trr_events=0 noncritical_trr_events=0 critical_para_events=2 noncritical_para_events=6 budget_blocks=0 budget_resets=0 prob_checks=152 prob_successes=11 para_checks=160 para_successes=8 budget_used_final_window=0/32
MemorySystem:
  impl: GenericDRAM
  total_num_other_requests: 0
  total_num_write_requests: 0
  total_num_read_requests: 72
  memory_system_cycles: 188474
  DRAM:
    impl: DDR4
  AddrMapper:
    impl: RoBaRaCoCh


  Controller:
    impl: Generic
    id: Channel 0
    num_read_reqs_0: 72
    queue_len_avg_0: 0.0680252984
    read_row_conflicts_core_0: 40
    read_row_hits_core_0: 0
    write_row_misses_0: 0
    row_misses_0: 32
    read_row_misses_core_0: 32
    write_queue_len_0: 0
    read_queue_len_avg_0: 0.0608943403
    avg_read_latency_0: 180.430557
    read_row_misses_0: 32
    priority_queue_len_0: 1344
    read_row_hits_0: 0
    read_latency_0: 12991
    priority_queue_len_avg_0: 0.00713095721
    row_conflicts_0: 40
    write_row_conflicts_0: 0
    num_write_reqs_0: 0
    write_queue_len_avg_0: 0
    queue_len_0: 12821
    num_other_reqs_0: 0
    write_row_hits_0: 0
    row_hits_0: 0
    read_queue_len_0: 11477
    read_row_conflicts_0: 40
    Scheduler:
      impl: FRFCFS
    RefreshManager:
      impl: AllBank


    RowPolicy:
      impl: ClosedRowPolicy
      num_close_reqs: 0
    ControllerPlugin:
      impl: UniformTRR



