Frontend:
  impl: SimpleO3
  cycles_recorded_core_0: 505636
  llc_write_misses: 0
  llc_mshr_unavailable: 4434
  llc_read_misses: 4519
  llc_write_access: 0
  memory_access_cycles_recorded_core_0: 2152
  llc_read_access: 504481
  llc_eviction: 0
  num_expected_insts: 500000
  Translation:
    impl: RandomTranslation


[UniformTRR][summary] openings=96 hammer_events=96 trr_events=0 para_events=24 bitflips=19 critical_bitflips=3 noncritical_bitflips=16 critical_trr_events=0 noncritical_trr_events=0 critical_para_events=0 noncritical_para_events=24 budget_blocks=0 budget_resets=0 prob_checks=85 prob_successes=19 para_checks=189 para_successes=24 budget_used_final_window=0/32
MemorySystem:
  impl: GenericDRAM
  total_num_other_requests: 0
  total_num_write_requests: 0
  total_num_read_requests: 72
  memory_system_cycles: 189614
  DRAM:
    impl: DDR4
  AddrMapper:
    impl: RoBaRaCoCh


  Controller:
    impl: Generic
    id: Channel 0
    num_read_reqs_0: 72
    queue_len_avg_0: 0.168885216
    read_row_conflicts_core_0: 32
    read_row_hits_core_0: 0
    write_row_misses_0: 0
    row_misses_0: 40
    read_row_misses_core_0: 40
    write_queue_len_0: 0
    read_queue_len_avg_0: 0.147241235
    avg_read_latency_0: 408.458344
    read_row_misses_0: 40
    priority_queue_len_0: 4104
    read_row_hits_0: 0
    read_latency_0: 29409
    priority_queue_len_avg_0: 0.021643972
    row_conflicts_0: 32
    write_row_conflicts_0: 0
    num_write_reqs_0: 0
    write_queue_len_avg_0: 0
    queue_len_0: 32023
    num_other_reqs_0: 0
    write_row_hits_0: 0
    row_hits_0: 0
    read_queue_len_0: 27919
    read_row_conflicts_0: 32
    Scheduler:
      impl: FRFCFS
    RefreshManager:
      impl: AllBank


    RowPolicy:
      impl: ClosedRowPolicy
      num_close_reqs: 0
    ControllerPlugin:
      impl: UniformTRR



