Frontend:
  impl: SimpleO3
  cycles_recorded_core_0: 503819
  llc_write_misses: 0
  llc_mshr_unavailable: 3034
  llc_read_misses: 3118
  llc_write_access: 0
  memory_access_cycles_recorded_core_0: 1469
  llc_read_access: 503081
  llc_eviction: 0
  num_expected_insts: 500000
  Translation:
    impl: RandomTranslation


[UniformTRR][summary] openings=86 hammer_events=86 trr_events=0 para_events=14 bitflips=12 critical_bitflips=2 noncritical_bitflips=10 critical_trr_events=0 noncritical_trr_events=0 critical_para_events=2 noncritical_para_events=12 budget_blocks=0 budget_resets=0 prob_checks=82 prob_successes=12 para_checks=169 para_successes=14 budget_used_final_window=0/32
MemorySystem:
  impl: GenericDRAM
  total_num_other_requests: 0
  total_num_write_requests: 0
  total_num_read_requests: 72
  memory_system_cycles: 188932
  DRAM:
    impl: DDR4
  AddrMapper:
    impl: RoBaRaCoCh


  Controller:
    impl: Generic
    id: Channel 0
    num_read_reqs_0: 72
    queue_len_avg_0: 0.108896323
    read_row_conflicts_core_0: 38
    read_row_hits_core_0: 0
    write_row_misses_0: 0
    row_misses_0: 34
    read_row_misses_core_0: 34
    write_queue_len_0: 0
    read_queue_len_avg_0: 0.0971566513
    avg_read_latency_0: 277.041656
    read_row_misses_0: 34
    priority_queue_len_0: 2218
    read_row_hits_0: 0
    read_latency_0: 19947
    priority_queue_len_avg_0: 0.0117396731
    row_conflicts_0: 38
    write_row_conflicts_0: 0
    num_write_reqs_0: 0
    write_queue_len_avg_0: 0
    queue_len_0: 20574
    num_other_reqs_0: 0
    write_row_hits_0: 0
    row_hits_0: 0
    read_queue_len_0: 18356
    read_row_conflicts_0: 38
    Scheduler:
      impl: FRFCFS
    RefreshManager:
      impl: AllBank


    RowPolicy:
      impl: ClosedRowPolicy
      num_close_reqs: 0
    ControllerPlugin:
      impl: UniformTRR



