Frontend:
  impl: SimpleO3
  cycles_recorded_core_0: 510579
  llc_write_misses: 0
  llc_mshr_unavailable: 7658
  llc_read_misses: 7745
  llc_write_access: 0
  memory_access_cycles_recorded_core_0: 4004
  llc_read_access: 507705
  llc_eviction: 0
  num_expected_insts: 500000
  Translation:
    impl: RandomTranslation


[UniformTRR][summary] openings=126 hammer_events=126 trr_events=0 para_events=54 bitflips=19 critical_bitflips=3 noncritical_bitflips=16 critical_trr_events=0 noncritical_trr_events=0 critical_para_events=1 noncritical_para_events=53 budget_blocks=0 budget_resets=0 prob_checks=101 prob_successes=19 para_checks=247 para_successes=54 budget_used_final_window=0/32
MemorySystem:
  impl: GenericDRAM
  total_num_other_requests: 0
  total_num_write_requests: 0
  total_num_read_requests: 72
  memory_system_cycles: 191467
  DRAM:
    impl: DDR4
  AddrMapper:
    impl: RoBaRaCoCh


  Controller:
    impl: Generic
    id: Channel 0
    num_read_reqs_0: 72
    queue_len_avg_0: 0.335869879
    read_row_conflicts_core_0: 25
    read_row_hits_core_0: 0
    write_row_misses_0: 0
    row_misses_0: 47
    read_row_misses_core_0: 47
    write_queue_len_0: 0
    read_queue_len_avg_0: 0.28675437
    avg_read_latency_0: 782.208313
    read_row_misses_0: 47
    priority_queue_len_0: 9404
    read_row_hits_0: 0
    read_latency_0: 56319
    priority_queue_len_avg_0: 0.0491155125
    row_conflicts_0: 25
    write_row_conflicts_0: 0
    num_write_reqs_0: 0
    write_queue_len_avg_0: 0
    queue_len_0: 64308
    num_other_reqs_0: 0
    write_row_hits_0: 0
    row_hits_0: 0
    read_queue_len_0: 54904
    read_row_conflicts_0: 25
    Scheduler:
      impl: FRFCFS
    RefreshManager:
      impl: AllBank


    RowPolicy:
      impl: ClosedRowPolicy
      num_close_reqs: 0
    ControllerPlugin:
      impl: UniformTRR



