Frontend:
  impl: SimpleO3
  cycles_recorded_core_0: 503251
  llc_write_misses: 0
  llc_mshr_unavailable: 2999
  llc_read_misses: 3082
  llc_write_access: 0
  memory_access_cycles_recorded_core_0: 1256
  llc_read_access: 503046
  llc_eviction: 0
  num_expected_insts: 500000
  Translation:
    impl: RandomTranslation


[UniformTRR][summary] openings=83 hammer_events=83 trr_events=0 para_events=11 bitflips=17 critical_bitflips=0 noncritical_bitflips=17 critical_trr_events=0 noncritical_trr_events=0 critical_para_events=4 noncritical_para_events=7 budget_blocks=0 budget_resets=0 prob_checks=80 prob_successes=17 para_checks=163 para_successes=11 budget_used_final_window=0/32
MemorySystem:
  impl: GenericDRAM
  total_num_other_requests: 0
  total_num_write_requests: 0
  total_num_read_requests: 72
  memory_system_cycles: 188719
  DRAM:
    impl: DDR4
  AddrMapper:
    impl: RoBaRaCoCh


  Controller:
    impl: Generic
    id: Channel 0
    num_read_reqs_0: 72
    queue_len_avg_0: 0.0951520503
    read_row_conflicts_core_0: 39
    read_row_hits_core_0: 0
    write_row_misses_0: 0
    row_misses_0: 33
    read_row_misses_core_0: 33
    write_queue_len_0: 0
    read_queue_len_avg_0: 0.0857200399
    avg_read_latency_0: 247.333328
    read_row_misses_0: 33
    priority_queue_len_0: 1780
    read_row_hits_0: 0
    read_latency_0: 17808
    priority_queue_len_avg_0: 0.00943201222
    row_conflicts_0: 39
    write_row_conflicts_0: 0
    num_write_reqs_0: 0
    write_queue_len_avg_0: 0
    queue_len_0: 17957
    num_other_reqs_0: 0
    write_row_hits_0: 0
    row_hits_0: 0
    read_queue_len_0: 16177
    read_row_conflicts_0: 39
    Scheduler:
      impl: FRFCFS
    RefreshManager:
      impl: AllBank


    RowPolicy:
      impl: ClosedRowPolicy
      num_close_reqs: 0
    ControllerPlugin:
      impl: UniformTRR



