Frontend:
  impl: SimpleO3
  cycles_recorded_core_0: 508763
  llc_write_misses: 0
  llc_mshr_unavailable: 6818
  llc_read_misses: 6904
  llc_write_access: 0
  memory_access_cycles_recorded_core_0: 3323
  llc_read_access: 506865
  llc_eviction: 0
  num_expected_insts: 500000
  Translation:
    impl: RandomTranslation


[UniformTRR][summary] openings=116 hammer_events=116 trr_events=0 para_events=44 bitflips=24 critical_bitflips=2 noncritical_bitflips=22 critical_trr_events=0 noncritical_trr_events=0 critical_para_events=0 noncritical_para_events=44 budget_blocks=0 budget_resets=0 prob_checks=95 prob_successes=24 para_checks=229 para_successes=44 budget_used_final_window=0/32
MemorySystem:
  impl: GenericDRAM
  total_num_other_requests: 0
  total_num_write_requests: 0
  total_num_read_requests: 72
  memory_system_cycles: 190786
  DRAM:
    impl: DDR4
  AddrMapper:
    impl: RoBaRaCoCh


  Controller:
    impl: Generic
    id: Channel 0
    num_read_reqs_0: 72
    queue_len_avg_0: 0.27834326
    read_row_conflicts_core_0: 30
    read_row_hits_core_0: 0
    write_row_misses_0: 0
    row_misses_0: 42
    read_row_misses_core_0: 42
    write_queue_len_0: 0
    read_queue_len_avg_0: 0.236317128
    avg_read_latency_0: 646.236084
    read_row_misses_0: 42
    priority_queue_len_0: 8018
    read_row_hits_0: 0
    read_latency_0: 46529
    priority_queue_len_avg_0: 0.0420261435
    row_conflicts_0: 30
    write_row_conflicts_0: 0
    num_write_reqs_0: 0
    write_queue_len_avg_0: 0
    queue_len_0: 53104
    num_other_reqs_0: 0
    write_row_hits_0: 0
    row_hits_0: 0
    read_queue_len_0: 45086
    read_row_conflicts_0: 30
    Scheduler:
      impl: FRFCFS
    RefreshManager:
      impl: AllBank


    RowPolicy:
      impl: ClosedRowPolicy
      num_close_reqs: 0
    ControllerPlugin:
      impl: UniformTRR



