Frontend:
  impl: SimpleO3
  cycles_recorded_core_0: 502955
  llc_write_misses: 0
  llc_mshr_unavailable: 2812
  llc_read_misses: 2895
  llc_write_access: 0
  memory_access_cycles_recorded_core_0: 1145
  llc_read_access: 502859
  llc_eviction: 0
  num_expected_insts: 500000
  Translation:
    impl: RandomTranslation


[UniformTRR][summary] openings=82 hammer_events=82 trr_events=0 para_events=10 bitflips=17 critical_bitflips=0 noncritical_bitflips=17 critical_trr_events=0 noncritical_trr_events=0 critical_para_events=2 noncritical_para_events=8 budget_blocks=0 budget_resets=0 prob_checks=79 prob_successes=17 para_checks=161 para_successes=10 budget_used_final_window=0/32
MemorySystem:
  impl: GenericDRAM
  total_num_other_requests: 0
  total_num_write_requests: 0
  total_num_read_requests: 72
  memory_system_cycles: 188608
  DRAM:
    impl: DDR4
  AddrMapper:
    impl: RoBaRaCoCh


  Controller:
    impl: Generic
    id: Channel 0
    num_read_reqs_0: 72
    queue_len_avg_0: 0.0880556479
    read_row_conflicts_core_0: 39
    read_row_hits_core_0: 0
    write_row_misses_0: 0
    row_misses_0: 33
    read_row_misses_core_0: 33
    write_queue_len_0: 0
    read_queue_len_avg_0: 0.0793921798
    avg_read_latency_0: 231.194443
    read_row_misses_0: 33
    priority_queue_len_0: 1634
    read_row_hits_0: 0
    read_latency_0: 16646
    priority_queue_len_avg_0: 0.00866347179
    row_conflicts_0: 39
    write_row_conflicts_0: 0
    num_write_reqs_0: 0
    write_queue_len_avg_0: 0
    queue_len_0: 16608
    num_other_reqs_0: 0
    write_row_hits_0: 0
    row_hits_0: 0
    read_queue_len_0: 14974
    read_row_conflicts_0: 39
    Scheduler:
      impl: FRFCFS
    RefreshManager:
      impl: AllBank


    RowPolicy:
      impl: ClosedRowPolicy
      num_close_reqs: 0
    ControllerPlugin:
      impl: UniformTRR



