Frontend:
  impl: SimpleO3
  cycles_recorded_core_0: 504601
  llc_write_misses: 0
  llc_mshr_unavailable: 3591
  llc_read_misses: 3674
  llc_write_access: 0
  memory_access_cycles_recorded_core_0: 1762
  llc_read_access: 503638
  llc_eviction: 0
  num_expected_insts: 500000
  Translation:
    impl: RandomTranslation


[UniformTRR][summary] openings=90 hammer_events=90 trr_events=0 para_events=18 bitflips=43 critical_bitflips=2 noncritical_bitflips=41 critical_trr_events=0 noncritical_trr_events=0 critical_para_events=1 noncritical_para_events=17 budget_blocks=0 budget_resets=0 prob_checks=159 prob_successes=43 para_checks=177 para_successes=18 budget_used_final_window=0/32
MemorySystem:
  impl: GenericDRAM
  total_num_other_requests: 0
  total_num_write_requests: 0
  total_num_read_requests: 72
  memory_system_cycles: 189225
  DRAM:
    impl: DDR4
  AddrMapper:
    impl: RoBaRaCoCh


  Controller:
    impl: Generic
    id: Channel 0
    num_read_reqs_0: 72
    queue_len_avg_0: 0.124032237
    read_row_conflicts_core_0: 40
    read_row_hits_core_0: 0
    write_row_misses_0: 0
    row_misses_0: 32
    read_row_misses_core_0: 32
    write_queue_len_0: 0
    read_queue_len_avg_0: 0.109784648
    avg_read_latency_0: 310
    read_row_misses_0: 32
    priority_queue_len_0: 2696
    read_row_hits_0: 0
    read_latency_0: 22320
    priority_queue_len_avg_0: 0.0142475888
    row_conflicts_0: 40
    write_row_conflicts_0: 0
    num_write_reqs_0: 0
    write_queue_len_avg_0: 0
    queue_len_0: 23470
    num_other_reqs_0: 0
    write_row_hits_0: 0
    row_hits_0: 0
    read_queue_len_0: 20774
    read_row_conflicts_0: 40
    Scheduler:
      impl: FRFCFS
    RefreshManager:
      impl: AllBank


    RowPolicy:
      impl: ClosedRowPolicy
      num_close_reqs: 0
    ControllerPlugin:
      impl: UniformTRR



