Frontend:
  impl: SimpleO3
  cycles_recorded_core_0: 506646
  llc_write_misses: 0
  llc_mshr_unavailable: 5724
  llc_read_misses: 5807
  llc_write_access: 0
  memory_access_cycles_recorded_core_0: 2529
  llc_read_access: 505771
  llc_eviction: 0
  num_expected_insts: 500000
  Translation:
    impl: RandomTranslation


[UniformTRR][summary] openings=100 hammer_events=100 trr_events=0 para_events=28 bitflips=55 critical_bitflips=5 noncritical_bitflips=50 critical_trr_events=0 noncritical_trr_events=0 critical_para_events=1 noncritical_para_events=27 budget_blocks=0 budget_resets=0 prob_checks=169 prob_successes=55 para_checks=197 para_successes=28 budget_used_final_window=0/32
MemorySystem:
  impl: GenericDRAM
  total_num_other_requests: 0
  total_num_write_requests: 0
  total_num_read_requests: 72
  memory_system_cycles: 189992
  DRAM:
    impl: DDR4
  AddrMapper:
    impl: RoBaRaCoCh


  Controller:
    impl: Generic
    id: Channel 0
    num_read_reqs_0: 72
    queue_len_avg_0: 0.206819236
    read_row_conflicts_core_0: 31
    read_row_hits_core_0: 0
    write_row_misses_0: 0
    row_misses_0: 41
    read_row_misses_core_0: 41
    write_queue_len_0: 0
    read_queue_len_avg_0: 0.183828786
    avg_read_latency_0: 505.388885
    read_row_misses_0: 41
    priority_queue_len_0: 4368
    read_row_hits_0: 0
    read_latency_0: 36388
    priority_queue_len_avg_0: 0.0229904409
    row_conflicts_0: 31
    write_row_conflicts_0: 0
    num_write_reqs_0: 0
    write_queue_len_avg_0: 0
    queue_len_0: 39294
    num_other_reqs_0: 0
    write_row_hits_0: 0
    row_hits_0: 0
    read_queue_len_0: 34926
    read_row_conflicts_0: 31
    Scheduler:
      impl: FRFCFS
    RefreshManager:
      impl: AllBank


    RowPolicy:
      impl: ClosedRowPolicy
      num_close_reqs: 0
    ControllerPlugin:
      impl: UniformTRR



