Frontend:
  impl: SimpleO3
  cycles_recorded_core_0: 502742
  llc_write_misses: 0
  llc_mshr_unavailable: 2327
  llc_read_misses: 2410
  llc_write_access: 0
  memory_access_cycles_recorded_core_0: 1065
  llc_read_access: 502374
  llc_eviction: 0
  num_expected_insts: 500000
  Translation:
    impl: RandomTranslation


[UniformTRR][summary] openings=80 hammer_events=80 trr_events=0 para_events=8 bitflips=14 critical_bitflips=3 noncritical_bitflips=11 critical_trr_events=0 noncritical_trr_events=0 critical_para_events=2 noncritical_para_events=6 budget_blocks=0 budget_resets=0 prob_checks=150 prob_successes=14 para_checks=158 para_successes=8 budget_used_final_window=0/32
MemorySystem:
  impl: GenericDRAM
  total_num_other_requests: 0
  total_num_write_requests: 0
  total_num_read_requests: 72
  memory_system_cycles: 188528
  DRAM:
    impl: DDR4
  AddrMapper:
    impl: RoBaRaCoCh


  Controller:
    impl: Generic
    id: Channel 0
    num_read_reqs_0: 72
    queue_len_avg_0: 0.0754848123
    read_row_conflicts_core_0: 40
    read_row_hits_core_0: 0
    write_row_misses_0: 0
    row_misses_0: 32
    read_row_misses_core_0: 32
    write_queue_len_0: 0
    read_queue_len_avg_0: 0.0689287558
    avg_read_latency_0: 203.194443
    read_row_misses_0: 32
    priority_queue_len_0: 1236
    read_row_hits_0: 0
    read_latency_0: 14630
    priority_queue_len_avg_0: 0.00655605551
    row_conflicts_0: 40
    write_row_conflicts_0: 0
    num_write_reqs_0: 0
    write_queue_len_avg_0: 0
    queue_len_0: 14231
    num_other_reqs_0: 0
    write_row_hits_0: 0
    row_hits_0: 0
    read_queue_len_0: 12995
    read_row_conflicts_0: 40
    Scheduler:
      impl: FRFCFS
    RefreshManager:
      impl: AllBank


    RowPolicy:
      impl: ClosedRowPolicy
      num_close_reqs: 0
    ControllerPlugin:
      impl: UniformTRR



