Frontend:
  impl: SimpleO3
  cycles_recorded_core_0: 506270
  llc_write_misses: 0
  llc_mshr_unavailable: 5338
  llc_read_misses: 5421
  llc_write_access: 0
  memory_access_cycles_recorded_core_0: 2388
  llc_read_access: 505385
  llc_eviction: 0
  num_expected_insts: 500000
  Translation:
    impl: RandomTranslation


[UniformTRR][summary] openings=98 hammer_events=98 trr_events=0 para_events=26 bitflips=24 critical_bitflips=0 noncritical_bitflips=24 critical_trr_events=0 noncritical_trr_events=0 critical_para_events=3 noncritical_para_events=23 budget_blocks=0 budget_resets=0 prob_checks=167 prob_successes=24 para_checks=193 para_successes=26 budget_used_final_window=0/32
MemorySystem:
  impl: GenericDRAM
  total_num_other_requests: 0
  total_num_write_requests: 0
  total_num_read_requests: 72
  memory_system_cycles: 189851
  DRAM:
    impl: DDR4
  AddrMapper:
    impl: RoBaRaCoCh


  Controller:
    impl: Generic
    id: Channel 0
    num_read_reqs_0: 72
    queue_len_avg_0: 0.191860989
    read_row_conflicts_core_0: 31
    read_row_hits_core_0: 0
    write_row_misses_0: 0
    row_misses_0: 41
    read_row_misses_core_0: 41
    write_queue_len_0: 0
    read_queue_len_avg_0: 0.170391515
    avg_read_latency_0: 469.541656
    read_row_misses_0: 41
    priority_queue_len_0: 4076
    read_row_hits_0: 0
    read_latency_0: 33807
    priority_queue_len_avg_0: 0.0214694683
    row_conflicts_0: 31
    write_row_conflicts_0: 0
    num_write_reqs_0: 0
    write_queue_len_avg_0: 0
    queue_len_0: 36425
    num_other_reqs_0: 0
    write_row_hits_0: 0
    row_hits_0: 0
    read_queue_len_0: 32349
    read_row_conflicts_0: 31
    Scheduler:
      impl: FRFCFS
    RefreshManager:
      impl: AllBank


    RowPolicy:
      impl: ClosedRowPolicy
      num_close_reqs: 0
    ControllerPlugin:
      impl: UniformTRR



