Frontend:
  impl: SimpleO3
  cycles_recorded_core_0: 501915
  llc_write_misses: 0
  llc_mshr_unavailable: 1682
  llc_read_misses: 1766
  llc_write_access: 0
  memory_access_cycles_recorded_core_0: 755
  llc_read_access: 501729
  llc_eviction: 0
  num_expected_insts: 500000
  Translation:
    impl: RandomTranslation


[UniformTRR][summary] openings=76 hammer_events=76 trr_events=0 para_events=4 bitflips=10 critical_bitflips=1 noncritical_bitflips=9 critical_trr_events=0 noncritical_trr_events=0 critical_para_events=0 noncritical_para_events=4 budget_blocks=0 budget_resets=0 prob_checks=56 prob_successes=10 para_checks=150 para_successes=4 budget_used_final_window=0/32
MemorySystem:
  impl: GenericDRAM
  total_num_other_requests: 0
  total_num_write_requests: 0
  total_num_read_requests: 72
  memory_system_cycles: 188218
  DRAM:
    impl: DDR4
  AddrMapper:
    impl: RoBaRaCoCh


  Controller:
    impl: Generic
    id: Channel 0
    num_read_reqs_0: 72
    queue_len_avg_0: 0.0481834896
    read_row_conflicts_core_0: 42
    read_row_hits_core_0: 0
    write_row_misses_0: 0
    row_misses_0: 30
    read_row_misses_core_0: 30
    write_queue_len_0: 0
    read_queue_len_avg_0: 0.0446769185
    avg_read_latency_0: 139.25
    read_row_misses_0: 30
    priority_queue_len_0: 660
    read_row_hits_0: 0
    read_latency_0: 10026
    priority_queue_len_avg_0: 0.00350657222
    row_conflicts_0: 42
    write_row_conflicts_0: 0
    num_write_reqs_0: 0
    write_queue_len_avg_0: 0
    queue_len_0: 9069
    num_other_reqs_0: 0
    write_row_hits_0: 0
    row_hits_0: 0
    read_queue_len_0: 8409
    read_row_conflicts_0: 42
    Scheduler:
      impl: FRFCFS
    RefreshManager:
      impl: AllBank


    RowPolicy:
      impl: ClosedRowPolicy
      num_close_reqs: 0
    ControllerPlugin:
      impl: UniformTRR



