Frontend:
  impl: SimpleO3
  cycles_recorded_core_0: 505579
  llc_write_misses: 0
  llc_mshr_unavailable: 4231
  llc_read_misses: 4315
  llc_write_access: 0
  memory_access_cycles_recorded_core_0: 2129
  llc_read_access: 504278
  llc_eviction: 0
  num_expected_insts: 500000
  Translation:
    impl: RandomTranslation


[UniformTRR][summary] openings=95 hammer_events=95 trr_events=0 para_events=23 bitflips=19 critical_bitflips=2 noncritical_bitflips=17 critical_trr_events=0 noncritical_trr_events=0 critical_para_events=2 noncritical_para_events=21 budget_blocks=0 budget_resets=0 prob_checks=86 prob_successes=19 para_checks=187 para_successes=23 budget_used_final_window=0/32
MemorySystem:
  impl: GenericDRAM
  total_num_other_requests: 0
  total_num_write_requests: 0
  total_num_read_requests: 72
  memory_system_cycles: 189592
  DRAM:
    impl: DDR4
  AddrMapper:
    impl: RoBaRaCoCh


  Controller:
    impl: Generic
    id: Channel 0
    num_read_reqs_0: 72
    queue_len_avg_0: 0.159394905
    read_row_conflicts_core_0: 37
    read_row_hits_core_0: 0
    write_row_misses_0: 0
    row_misses_0: 35
    read_row_misses_core_0: 35
    write_queue_len_0: 0
    read_queue_len_avg_0: 0.139647245
    avg_read_latency_0: 389.305542
    read_row_misses_0: 35
    priority_queue_len_0: 3744
    read_row_hits_0: 0
    read_latency_0: 28030
    priority_queue_len_avg_0: 0.0197476689
    row_conflicts_0: 37
    write_row_conflicts_0: 0
    num_write_reqs_0: 0
    write_queue_len_avg_0: 0
    queue_len_0: 30220
    num_other_reqs_0: 0
    write_row_hits_0: 0
    row_hits_0: 0
    read_queue_len_0: 26476
    read_row_conflicts_0: 37
    Scheduler:
      impl: FRFCFS
    RefreshManager:
      impl: AllBank


    RowPolicy:
      impl: ClosedRowPolicy
      num_close_reqs: 0
    ControllerPlugin:
      impl: UniformTRR



