Frontend:
  impl: SimpleO3
  cycles_recorded_core_0: 507257
  llc_write_misses: 0
  llc_mshr_unavailable: 5724
  llc_read_misses: 5811
  llc_write_access: 0
  memory_access_cycles_recorded_core_0: 2758
  llc_read_access: 505771
  llc_eviction: 0
  num_expected_insts: 500000
  Translation:
    impl: RandomTranslation


[UniformTRR][summary] openings=103 hammer_events=103 trr_events=0 para_events=31 bitflips=51 critical_bitflips=3 noncritical_bitflips=48 critical_trr_events=0 noncritical_trr_events=0 critical_para_events=3 noncritical_para_events=28 budget_blocks=0 budget_resets=0 prob_checks=172 prob_successes=51 para_checks=203 para_successes=31 budget_used_final_window=0/32
MemorySystem:
  impl: GenericDRAM
  total_num_other_requests: 0
  total_num_write_requests: 0
  total_num_read_requests: 72
  memory_system_cycles: 190221
  DRAM:
    impl: DDR4
  AddrMapper:
    impl: RoBaRaCoCh


  Controller:
    impl: Generic
    id: Channel 0
    num_read_reqs_0: 72
    queue_len_avg_0: 0.224544078
    read_row_conflicts_core_0: 31
    read_row_hits_core_0: 0
    write_row_misses_0: 0
    row_misses_0: 41
    read_row_misses_core_0: 41
    write_queue_len_0: 0
    read_queue_len_avg_0: 0.198143214
    avg_read_latency_0: 543.638916
    read_row_misses_0: 41
    priority_queue_len_0: 5022
    read_row_hits_0: 0
    read_latency_0: 39142
    priority_queue_len_avg_0: 0.0264008697
    row_conflicts_0: 31
    write_row_conflicts_0: 0
    num_write_reqs_0: 0
    write_queue_len_avg_0: 0
    queue_len_0: 42713
    num_other_reqs_0: 0
    write_row_hits_0: 0
    row_hits_0: 0
    read_queue_len_0: 37691
    read_row_conflicts_0: 31
    Scheduler:
      impl: FRFCFS
    RefreshManager:
      impl: AllBank


    RowPolicy:
      impl: ClosedRowPolicy
      num_close_reqs: 0
    ControllerPlugin:
      impl: UniformTRR



