Frontend:
  impl: SimpleO3
  cycles_recorded_core_0: 506438
  llc_write_misses: 0
  llc_mshr_unavailable: 5140
  llc_read_misses: 5228
  llc_write_access: 0
  memory_access_cycles_recorded_core_0: 2451
  llc_read_access: 505187
  llc_eviction: 0
  num_expected_insts: 500000
  Translation:
    impl: RandomTranslation


[UniformTRR][summary] openings=101 hammer_events=101 trr_events=0 para_events=29 bitflips=15 critical_bitflips=0 noncritical_bitflips=15 critical_trr_events=0 noncritical_trr_events=0 critical_para_events=2 noncritical_para_events=27 budget_blocks=0 budget_resets=0 prob_checks=171 prob_successes=15 para_checks=200 para_successes=29 budget_used_final_window=0/32
MemorySystem:
  impl: GenericDRAM
  total_num_other_requests: 0
  total_num_write_requests: 0
  total_num_read_requests: 72
  memory_system_cycles: 189914
  DRAM:
    impl: DDR4
  AddrMapper:
    impl: RoBaRaCoCh


  Controller:
    impl: Generic
    id: Channel 0
    num_read_reqs_0: 72
    queue_len_avg_0: 0.20172289
    read_row_conflicts_core_0: 34
    read_row_hits_core_0: 0
    write_row_misses_0: 0
    row_misses_0: 38
    read_row_misses_core_0: 38
    write_queue_len_0: 0
    read_queue_len_avg_0: 0.177364498
    avg_read_latency_0: 488.805542
    read_row_misses_0: 38
    priority_queue_len_0: 4626
    read_row_hits_0: 0
    read_latency_0: 35194
    priority_queue_len_avg_0: 0.0243583936
    row_conflicts_0: 34
    write_row_conflicts_0: 0
    num_write_reqs_0: 0
    write_queue_len_avg_0: 0
    queue_len_0: 38310
    num_other_reqs_0: 0
    write_row_hits_0: 0
    row_hits_0: 0
    read_queue_len_0: 33684
    read_row_conflicts_0: 34
    Scheduler:
      impl: FRFCFS
    RefreshManager:
      impl: AllBank


    RowPolicy:
      impl: ClosedRowPolicy
      num_close_reqs: 0
    ControllerPlugin:
      impl: UniformTRR



