Frontend:
  impl: SimpleO3
  cycles_recorded_core_0: 505353
  llc_write_misses: 0
  llc_mshr_unavailable: 4423
  llc_read_misses: 4506
  llc_write_access: 0
  memory_access_cycles_recorded_core_0: 2044
  llc_read_access: 504470
  llc_eviction: 0
  num_expected_insts: 500000
  Translation:
    impl: RandomTranslation


[UniformTRR][summary] openings=94 hammer_events=94 trr_events=0 para_events=22 bitflips=14 critical_bitflips=1 noncritical_bitflips=13 critical_trr_events=0 noncritical_trr_events=0 critical_para_events=4 noncritical_para_events=18 budget_blocks=0 budget_resets=0 prob_checks=164 prob_successes=14 para_checks=186 para_successes=22 budget_used_final_window=0/32
MemorySystem:
  impl: GenericDRAM
  total_num_other_requests: 0
  total_num_write_requests: 0
  total_num_read_requests: 72
  memory_system_cycles: 189507
  DRAM:
    impl: DDR4
  AddrMapper:
    impl: RoBaRaCoCh


  Controller:
    impl: Generic
    id: Channel 0
    num_read_reqs_0: 72
    queue_len_avg_0: 0.158521846
    read_row_conflicts_core_0: 35
    read_row_hits_core_0: 0
    write_row_misses_0: 0
    row_misses_0: 37
    read_row_misses_core_0: 37
    write_queue_len_0: 0
    read_queue_len_avg_0: 0.13839595
    avg_read_latency_0: 385.472229
    read_row_misses_0: 37
    priority_queue_len_0: 3814
    read_row_hits_0: 0
    read_latency_0: 27754
    priority_queue_len_avg_0: 0.0201259051
    row_conflicts_0: 35
    write_row_conflicts_0: 0
    num_write_reqs_0: 0
    write_queue_len_avg_0: 0
    queue_len_0: 30041
    num_other_reqs_0: 0
    write_row_hits_0: 0
    row_hits_0: 0
    read_queue_len_0: 26227
    read_row_conflicts_0: 35
    Scheduler:
      impl: FRFCFS
    RefreshManager:
      impl: AllBank


    RowPolicy:
      impl: ClosedRowPolicy
      num_close_reqs: 0
    ControllerPlugin:
      impl: UniformTRR



