Frontend:
  impl: SimpleO3
  cycles_recorded_core_0: 501438
  llc_write_misses: 0
  llc_mshr_unavailable: 1042
  llc_read_misses: 1127
  llc_write_access: 0
  memory_access_cycles_recorded_core_0: 576
  llc_read_access: 501089
  llc_eviction: 0
  num_expected_insts: 500000
  Translation:
    impl: RandomTranslation


[UniformTRR][summary] openings=74 hammer_events=15 trr_events=0 para_events=2 bitflips=6 critical_bitflips=1 noncritical_bitflips=5 critical_trr_events=0 noncritical_trr_events=0 critical_para_events=1 noncritical_para_events=1 budget_blocks=0 budget_resets=0 prob_checks=27 prob_successes=6 para_checks=29 para_successes=2 budget_used_final_window=0/32
MemorySystem:
  impl: GenericDRAM
  total_num_other_requests: 0
  total_num_write_requests: 0
  total_num_read_requests: 72
  memory_system_cycles: 188039
  DRAM:
    impl: DDR4
  AddrMapper:
    impl: RoBaRaCoCh


  Controller:
    impl: Generic
    id: Channel 0
    num_read_reqs_0: 72
    queue_len_avg_0: 0.031668961
    read_row_conflicts_core_0: 43
    read_row_hits_core_0: 0
    write_row_misses_0: 0
    row_misses_0: 29
    read_row_misses_core_0: 29
    write_queue_len_0: 0
    read_queue_len_avg_0: 0.0297544654
    avg_read_latency_0: 99.375
    read_row_misses_0: 29
    priority_queue_len_0: 360
    read_row_hits_0: 0
    read_latency_0: 7155
    priority_queue_len_avg_0: 0.00191449642
    row_conflicts_0: 43
    write_row_conflicts_0: 0
    num_write_reqs_0: 0
    write_queue_len_avg_0: 0
    queue_len_0: 5955
    num_other_reqs_0: 0
    write_row_hits_0: 0
    row_hits_0: 0
    read_queue_len_0: 5595
    read_row_conflicts_0: 43
    Scheduler:
      impl: FRFCFS
    RefreshManager:
      impl: AllBank


    RowPolicy:
      impl: ClosedRowPolicy
      num_close_reqs: 0
    ControllerPlugin:
      impl: UniformTRR



