Frontend:
  impl: SimpleO3
  cycles_recorded_core_0: 507809
  llc_write_misses: 0
  llc_mshr_unavailable: 6151
  llc_read_misses: 6239
  llc_write_access: 0
  memory_access_cycles_recorded_core_0: 2965
  llc_read_access: 506198
  llc_eviction: 0
  num_expected_insts: 500000
  Translation:
    impl: RandomTranslation


[UniformTRR][summary] openings=107 hammer_events=107 trr_events=0 para_events=35 bitflips=22 critical_bitflips=2 noncritical_bitflips=20 critical_trr_events=0 noncritical_trr_events=0 critical_para_events=0 noncritical_para_events=35 budget_blocks=0 budget_resets=0 prob_checks=176 prob_successes=22 para_checks=211 para_successes=35 budget_used_final_window=0/32
MemorySystem:
  impl: GenericDRAM
  total_num_other_requests: 0
  total_num_write_requests: 0
  total_num_read_requests: 72
  memory_system_cycles: 190428
  DRAM:
    impl: DDR4
  AddrMapper:
    impl: RoBaRaCoCh


  Controller:
    impl: Generic
    id: Channel 0
    num_read_reqs_0: 72
    queue_len_avg_0: 0.243346572
    read_row_conflicts_core_0: 28
    read_row_hits_core_0: 0
    write_row_misses_0: 0
    row_misses_0: 44
    read_row_misses_core_0: 44
    write_queue_len_0: 0
    read_queue_len_avg_0: 0.21330896
    avg_read_latency_0: 584.305542
    read_row_misses_0: 44
    priority_queue_len_0: 5720
    read_row_hits_0: 0
    read_latency_0: 42070
    priority_queue_len_avg_0: 0.0300375987
    row_conflicts_0: 28
    write_row_conflicts_0: 0
    num_write_reqs_0: 0
    write_queue_len_avg_0: 0
    queue_len_0: 46340
    num_other_reqs_0: 0
    write_row_hits_0: 0
    row_hits_0: 0
    read_queue_len_0: 40620
    read_row_conflicts_0: 28
    Scheduler:
      impl: FRFCFS
    RefreshManager:
      impl: AllBank


    RowPolicy:
      impl: ClosedRowPolicy
      num_close_reqs: 0
    ControllerPlugin:
      impl: UniformTRR



