Frontend:
  impl: SimpleO3
  cycles_recorded_core_0: 502409
  llc_write_misses: 0
  llc_mshr_unavailable: 1986
  llc_read_misses: 2071
  llc_write_access: 0
  memory_access_cycles_recorded_core_0: 940
  llc_read_access: 502033
  llc_eviction: 0
  num_expected_insts: 500000
  Translation:
    impl: RandomTranslation


[UniformTRR][summary] openings=79 hammer_events=79 trr_events=0 para_events=7 bitflips=43 critical_bitflips=1 noncritical_bitflips=42 critical_trr_events=0 noncritical_trr_events=0 critical_para_events=1 noncritical_para_events=6 budget_blocks=0 budget_resets=0 prob_checks=148 prob_successes=43 para_checks=155 para_successes=7 budget_used_final_window=0/32
MemorySystem:
  impl: GenericDRAM
  total_num_other_requests: 0
  total_num_write_requests: 0
  total_num_read_requests: 72
  memory_system_cycles: 188403
  DRAM:
    impl: DDR4
  AddrMapper:
    impl: RoBaRaCoCh


  Controller:
    impl: Generic
    id: Channel 0
    num_read_reqs_0: 72
    queue_len_avg_0: 0.066453293
    read_row_conflicts_core_0: 40
    read_row_hits_core_0: 0
    write_row_misses_0: 0
    row_misses_0: 32
    read_row_misses_core_0: 32
    write_queue_len_0: 0
    read_queue_len_avg_0: 0.0600945838
    avg_read_latency_0: 178.569443
    read_row_misses_0: 32
    priority_queue_len_0: 1198
    read_row_hits_0: 0
    read_latency_0: 12857
    priority_queue_len_avg_0: 0.00635870965
    row_conflicts_0: 40
    write_row_conflicts_0: 0
    num_write_reqs_0: 0
    write_queue_len_avg_0: 0
    queue_len_0: 12520
    num_other_reqs_0: 0
    write_row_hits_0: 0
    row_hits_0: 0
    read_queue_len_0: 11322
    read_row_conflicts_0: 40
    Scheduler:
      impl: FRFCFS
    RefreshManager:
      impl: AllBank


    RowPolicy:
      impl: ClosedRowPolicy
      num_close_reqs: 0
    ControllerPlugin:
      impl: UniformTRR



