Frontend:
  impl: SimpleO3
  cycles_recorded_core_0: 506878
  llc_write_misses: 0
  llc_mshr_unavailable: 4991
  llc_read_misses: 5078
  llc_write_access: 0
  memory_access_cycles_recorded_core_0: 2616
  llc_read_access: 505038
  llc_eviction: 0
  num_expected_insts: 500000
  Translation:
    impl: RandomTranslation


[UniformTRR][summary] openings=102 hammer_events=102 trr_events=0 para_events=30 bitflips=15 critical_bitflips=0 noncritical_bitflips=15 critical_trr_events=0 noncritical_trr_events=0 critical_para_events=4 noncritical_para_events=26 budget_blocks=0 budget_resets=0 prob_checks=90 prob_successes=15 para_checks=200 para_successes=30 budget_used_final_window=0/32
MemorySystem:
  impl: GenericDRAM
  total_num_other_requests: 0
  total_num_write_requests: 0
  total_num_read_requests: 72
  memory_system_cycles: 190079
  DRAM:
    impl: DDR4
  AddrMapper:
    impl: RoBaRaCoCh


  Controller:
    impl: Generic
    id: Channel 0
    num_read_reqs_0: 72
    queue_len_avg_0: 0.201647729
    read_row_conflicts_core_0: 35
    read_row_hits_core_0: 0
    write_row_misses_0: 0
    row_misses_0: 37
    read_row_misses_core_0: 37
    write_queue_len_0: 0
    read_queue_len_avg_0: 0.174858868
    avg_read_latency_0: 481.958344
    read_row_misses_0: 37
    priority_queue_len_0: 5092
    read_row_hits_0: 0
    read_latency_0: 34701
    priority_queue_len_avg_0: 0.0267888606
    row_conflicts_0: 35
    write_row_conflicts_0: 0
    num_write_reqs_0: 0
    write_queue_len_avg_0: 0
    queue_len_0: 38329
    num_other_reqs_0: 0
    write_row_hits_0: 0
    row_hits_0: 0
    read_queue_len_0: 33237
    read_row_conflicts_0: 35
    Scheduler:
      impl: FRFCFS
    RefreshManager:
      impl: AllBank


    RowPolicy:
      impl: ClosedRowPolicy
      num_close_reqs: 0
    ControllerPlugin:
      impl: UniformTRR



