Frontend:
  impl: SimpleO3
  cycles_recorded_core_0: 769215
  llc_write_misses: 0
  llc_mshr_unavailable: 167263
  llc_read_misses: 167350
  llc_write_access: 0
  memory_access_cycles_recorded_core_0: 100995
  llc_read_access: 667310
  llc_eviction: 0
  num_expected_insts: 500000
  Translation:
    impl: RandomTranslation


[UniformTRR][summary] openings=1926 hammer_events=1926 trr_events=1854 para_events=0 bitflips=12 critical_bitflips=12 noncritical_bitflips=0 critical_trr_events=19 noncritical_trr_events=1835 critical_para_events=0 noncritical_para_events=0 budget_blocks=0 budget_resets=0 prob_checks=57 prob_successes=12 para_checks=0 para_successes=0 budget_used_final_window=0/32
MemorySystem:
  impl: GenericDRAM
  total_num_other_requests: 0
  total_num_write_requests: 0
  total_num_read_requests: 72
  memory_system_cycles: 288456
  DRAM:
    impl: DDR4
  AddrMapper:
    impl: RoBaRaCoCh


  Controller:
    impl: Generic
    id: Channel 0
    num_read_reqs_0: 72
    queue_len_avg_0: 8.28353405
    read_row_conflicts_core_0: 9
    read_row_hits_core_0: 0
    write_row_misses_0: 0
    row_misses_0: 63
    read_row_misses_core_0: 63
    write_queue_len_0: 0
    read_queue_len_avg_0: 4.55633783
    avg_read_latency_0: 18272.7227
    read_row_misses_0: 63
    priority_queue_len_0: 1075132
    read_row_hits_0: 0
    read_latency_0: 1315636
    priority_queue_len_avg_0: 3.72719574
    row_conflicts_0: 9
    write_row_conflicts_0: 0
    num_write_reqs_0: 0
    write_queue_len_avg_0: 0
    queue_len_0: 2389435
    num_other_reqs_0: 0
    write_row_hits_0: 0
    row_hits_0: 0
    read_queue_len_0: 1314303
    read_row_conflicts_0: 9
    Scheduler:
      impl: FRFCFS
    RefreshManager:
      impl: AllBank


    RowPolicy:
      impl: ClosedRowPolicy
      num_close_reqs: 0
    ControllerPlugin:
      impl: UniformTRR



