Frontend:
  impl: SimpleO3
  cycles_recorded_core_0: 507555
  llc_write_misses: 0
  llc_mshr_unavailable: 4548
  llc_read_misses: 4635
  llc_write_access: 0
  memory_access_cycles_recorded_core_0: 2870
  llc_read_access: 504595
  llc_eviction: 0
  num_expected_insts: 500000
  Translation:
    impl: RandomTranslation


[UniformTRR][summary] openings=109 hammer_events=109 trr_events=37 para_events=0 bitflips=18 critical_bitflips=1 noncritical_bitflips=17 critical_trr_events=3 noncritical_trr_events=34 critical_para_events=0 noncritical_para_events=0 budget_blocks=0 budget_resets=0 prob_checks=178 prob_successes=18 para_checks=0 para_successes=0 budget_used_final_window=0/32
MemorySystem:
  impl: GenericDRAM
  total_num_other_requests: 0
  total_num_write_requests: 0
  total_num_read_requests: 72
  memory_system_cycles: 190333
  DRAM:
    impl: DDR4
  AddrMapper:
    impl: RoBaRaCoCh


  Controller:
    impl: Generic
    id: Channel 0
    num_read_reqs_0: 72
    queue_len_avg_0: 0.222320884
    read_row_conflicts_core_0: 35
    read_row_hits_core_0: 0
    write_row_misses_0: 0
    row_misses_0: 37
    read_row_misses_core_0: 37
    write_queue_len_0: 0
    read_queue_len_avg_0: 0.186520472
    avg_read_latency_0: 513.611084
    read_row_misses_0: 37
    priority_queue_len_0: 6814
    read_row_hits_0: 0
    read_latency_0: 36980
    priority_queue_len_avg_0: 0.0358004123
    row_conflicts_0: 35
    write_row_conflicts_0: 0
    num_write_reqs_0: 0
    write_queue_len_avg_0: 0
    queue_len_0: 42315
    num_other_reqs_0: 0
    write_row_hits_0: 0
    row_hits_0: 0
    read_queue_len_0: 35501
    read_row_conflicts_0: 35
    Scheduler:
      impl: FRFCFS
    RefreshManager:
      impl: AllBank


    RowPolicy:
      impl: ClosedRowPolicy
      num_close_reqs: 0
    ControllerPlugin:
      impl: UniformTRR



