Frontend:
  impl: SimpleO3
  cycles_recorded_core_0: 539769
  llc_write_misses: 0
  llc_mshr_unavailable: 27527
  llc_read_misses: 27614
  llc_write_access: 0
  memory_access_cycles_recorded_core_0: 14950
  llc_read_access: 527574
  llc_eviction: 0
  num_expected_insts: 500000
  Translation:
    impl: RandomTranslation


[UniformTRR][summary] openings=330 hammer_events=330 trr_events=258 para_events=0 bitflips=85 critical_bitflips=8 noncritical_bitflips=77 critical_trr_events=7 noncritical_trr_events=251 critical_para_events=0 noncritical_para_events=0 budget_blocks=0 budget_resets=0 prob_checks=397 prob_successes=85 para_checks=0 para_successes=0 budget_used_final_window=0/32
MemorySystem:
  impl: GenericDRAM
  total_num_other_requests: 0
  total_num_write_requests: 0
  total_num_read_requests: 72
  memory_system_cycles: 202413
  DRAM:
    impl: DDR4
  AddrMapper:
    impl: RoBaRaCoCh


  Controller:
    impl: Generic
    id: Channel 0
    num_read_reqs_0: 72
    queue_len_avg_0: 1.31855667
    read_row_conflicts_core_0: 15
    read_row_hits_core_0: 0
    write_row_misses_0: 0
    row_misses_0: 57
    read_row_misses_core_0: 57
    write_queue_len_0: 0
    read_queue_len_avg_0: 0.985223293
    avg_read_latency_0: 2788.25
    read_row_misses_0: 57
    priority_queue_len_0: 67471
    read_row_hits_0: 0
    read_latency_0: 200754
    priority_queue_len_avg_0: 0.333333343
    row_conflicts_0: 15
    write_row_conflicts_0: 0
    num_write_reqs_0: 0
    write_queue_len_avg_0: 0
    queue_len_0: 266893
    num_other_reqs_0: 0
    write_row_hits_0: 0
    row_hits_0: 0
    read_queue_len_0: 199422
    read_row_conflicts_0: 15
    Scheduler:
      impl: FRFCFS
    RefreshManager:
      impl: AllBank


    RowPolicy:
      impl: ClosedRowPolicy
      num_close_reqs: 0
    ControllerPlugin:
      impl: UniformTRR



