Frontend:
  impl: SimpleO3
  cycles_recorded_core_0: 534702
  llc_write_misses: 0
  llc_mshr_unavailable: 23735
  llc_read_misses: 23822
  llc_write_access: 0
  memory_access_cycles_recorded_core_0: 13050
  llc_read_access: 523782
  llc_eviction: 0
  num_expected_insts: 500000
  Translation:
    impl: RandomTranslation


[UniformTRR][summary] openings=292 hammer_events=292 trr_events=220 para_events=0 bitflips=80 critical_bitflips=7 noncritical_bitflips=73 critical_trr_events=0 noncritical_trr_events=220 critical_para_events=0 noncritical_para_events=0 budget_blocks=0 budget_resets=0 prob_checks=359 prob_successes=80 para_checks=0 para_successes=0 budget_used_final_window=0/32
MemorySystem:
  impl: GenericDRAM
  total_num_other_requests: 0
  total_num_write_requests: 0
  total_num_read_requests: 72
  memory_system_cycles: 200513
  DRAM:
    impl: DDR4
  AddrMapper:
    impl: RoBaRaCoCh


  Controller:
    impl: Generic
    id: Channel 0
    num_read_reqs_0: 72
    queue_len_avg_0: 1.16822851
    read_row_conflicts_core_0: 16
    read_row_hits_core_0: 0
    write_row_misses_0: 0
    row_misses_0: 56
    read_row_misses_core_0: 56
    write_queue_len_0: 0
    read_queue_len_avg_0: 0.871993363
    avg_read_latency_0: 2447.04175
    read_row_misses_0: 56
    priority_queue_len_0: 59399
    read_row_hits_0: 0
    read_latency_0: 176187
    priority_queue_len_avg_0: 0.296235144
    row_conflicts_0: 16
    write_row_conflicts_0: 0
    num_write_reqs_0: 0
    write_queue_len_avg_0: 0
    queue_len_0: 234245
    num_other_reqs_0: 0
    write_row_hits_0: 0
    row_hits_0: 0
    read_queue_len_0: 174846
    read_row_conflicts_0: 16
    Scheduler:
      impl: FRFCFS
    RefreshManager:
      impl: AllBank


    RowPolicy:
      impl: ClosedRowPolicy
      num_close_reqs: 0
    ControllerPlugin:
      impl: UniformTRR



