Frontend:
  impl: SimpleO3
  cycles_recorded_core_0: 502132
  llc_write_misses: 0
  llc_mshr_unavailable: 1258
  llc_read_misses: 1342
  llc_write_access: 0
  memory_access_cycles_recorded_core_0: 838
  llc_read_access: 501305
  llc_eviction: 0
  num_expected_insts: 500000
  Translation:
    impl: RandomTranslation


[UniformTRR][summary] openings=78 hammer_events=78 trr_events=6 para_events=0 bitflips=23 critical_bitflips=1 noncritical_bitflips=22 critical_trr_events=4 noncritical_trr_events=2 critical_para_events=0 noncritical_para_events=0 budget_blocks=0 budget_resets=0 prob_checks=147 prob_successes=23 para_checks=0 para_successes=0 budget_used_final_window=0/32
MemorySystem:
  impl: GenericDRAM
  total_num_other_requests: 0
  total_num_write_requests: 0
  total_num_read_requests: 72
  memory_system_cycles: 188300
  DRAM:
    impl: DDR4
  AddrMapper:
    impl: RoBaRaCoCh


  Controller:
    impl: Generic
    id: Channel 0
    num_read_reqs_0: 72
    queue_len_avg_0: 0.0487413704
    read_row_conflicts_core_0: 41
    read_row_hits_core_0: 0
    write_row_misses_0: 0
    row_misses_0: 31
    read_row_misses_core_0: 31
    write_queue_len_0: 0
    read_queue_len_avg_0: 0.0437280945
    avg_read_latency_0: 136.597229
    read_row_misses_0: 31
    priority_queue_len_0: 944
    read_row_hits_0: 0
    read_latency_0: 9835
    priority_queue_len_avg_0: 0.00501327682
    row_conflicts_0: 41
    write_row_conflicts_0: 0
    num_write_reqs_0: 0
    write_queue_len_avg_0: 0
    queue_len_0: 9178
    num_other_reqs_0: 0
    write_row_hits_0: 0
    row_hits_0: 0
    read_queue_len_0: 8234
    read_row_conflicts_0: 41
    Scheduler:
      impl: FRFCFS
    RefreshManager:
      impl: AllBank


    RowPolicy:
      impl: ClosedRowPolicy
      num_close_reqs: 0
    ControllerPlugin:
      impl: UniformTRR



