Frontend:
  impl: SimpleO3
  cycles_recorded_core_0: 510388
  llc_write_misses: 0
  llc_mshr_unavailable: 7023
  llc_read_misses: 7110
  llc_write_access: 0
  memory_access_cycles_recorded_core_0: 3935
  llc_read_access: 507070
  llc_eviction: 0
  num_expected_insts: 500000
  Translation:
    impl: RandomTranslation


[UniformTRR][summary] openings=128 hammer_events=128 trr_events=56 para_events=0 bitflips=11 critical_bitflips=0 noncritical_bitflips=11 critical_trr_events=9 noncritical_trr_events=47 critical_para_events=0 noncritical_para_events=0 budget_blocks=0 budget_resets=0 prob_checks=80 prob_successes=11 para_checks=0 para_successes=0 budget_used_final_window=0/32
MemorySystem:
  impl: GenericDRAM
  total_num_other_requests: 0
  total_num_write_requests: 0
  total_num_read_requests: 72
  memory_system_cycles: 191396
  DRAM:
    impl: DDR4
  AddrMapper:
    impl: RoBaRaCoCh


  Controller:
    impl: Generic
    id: Channel 0
    num_read_reqs_0: 72
    queue_len_avg_0: 0.316213518
    read_row_conflicts_core_0: 32
    read_row_hits_core_0: 0
    write_row_misses_0: 0
    row_misses_0: 40
    read_row_misses_core_0: 40
    write_queue_len_0: 0
    read_queue_len_avg_0: 0.260977238
    avg_read_latency_0: 713.777771
    read_row_misses_0: 40
    priority_queue_len_0: 10572
    read_row_hits_0: 0
    read_latency_0: 51392
    priority_queue_len_avg_0: 0.0552362651
    row_conflicts_0: 32
    write_row_conflicts_0: 0
    num_write_reqs_0: 0
    write_queue_len_avg_0: 0
    queue_len_0: 60522
    num_other_reqs_0: 0
    write_row_hits_0: 0
    row_hits_0: 0
    read_queue_len_0: 49950
    read_row_conflicts_0: 32
    Scheduler:
      impl: FRFCFS
    RefreshManager:
      impl: AllBank


    RowPolicy:
      impl: ClosedRowPolicy
      num_close_reqs: 0
    ControllerPlugin:
      impl: UniformTRR



