Frontend:
  impl: SimpleO3
  cycles_recorded_core_0: 505089
  llc_write_misses: 0
  llc_mshr_unavailable: 2474
  llc_read_misses: 2560
  llc_write_access: 0
  memory_access_cycles_recorded_core_0: 1945
  llc_read_access: 502521
  llc_eviction: 0
  num_expected_insts: 500000
  Translation:
    impl: RandomTranslation


[UniformTRR][summary] openings=98 hammer_events=98 trr_events=26 para_events=0 bitflips=0 critical_bitflips=0 noncritical_bitflips=0 critical_trr_events=3 noncritical_trr_events=23 critical_para_events=0 noncritical_para_events=0 budget_blocks=0 budget_resets=0 prob_checks=0 prob_successes=0 para_checks=0 para_successes=0 budget_used_final_window=0/32
MemorySystem:
  impl: GenericDRAM
  total_num_other_requests: 0
  total_num_write_requests: 0
  total_num_read_requests: 72
  memory_system_cycles: 189408
  DRAM:
    impl: DDR4
  AddrMapper:
    impl: RoBaRaCoCh


  Controller:
    impl: Generic
    id: Channel 0
    num_read_reqs_0: 72
    queue_len_avg_0: 0.135052368
    read_row_conflicts_core_0: 41
    read_row_hits_core_0: 0
    write_row_misses_0: 0
    row_misses_0: 31
    read_row_misses_core_0: 31
    write_queue_len_0: 0
    read_queue_len_avg_0: 0.107967988
    avg_read_latency_0: 305.708344
    read_row_misses_0: 31
    priority_queue_len_0: 5130
    read_row_hits_0: 0
    read_latency_0: 22011
    priority_queue_len_avg_0: 0.0270843897
    row_conflicts_0: 41
    write_row_conflicts_0: 0
    num_write_reqs_0: 0
    write_queue_len_avg_0: 0
    queue_len_0: 25580
    num_other_reqs_0: 0
    write_row_hits_0: 0
    row_hits_0: 0
    read_queue_len_0: 20450
    read_row_conflicts_0: 41
    Scheduler:
      impl: FRFCFS
    RefreshManager:
      impl: AllBank


    RowPolicy:
      impl: ClosedRowPolicy
      num_close_reqs: 0
    ControllerPlugin:
      impl: UniformTRR



