Frontend:
  impl: SimpleO3
  cycles_recorded_core_0: 743492
  llc_write_misses: 0
  llc_mshr_unavailable: 154844
  llc_read_misses: 154931
  llc_write_access: 0
  memory_access_cycles_recorded_core_0: 91349
  llc_read_access: 654891
  llc_eviction: 0
  num_expected_insts: 500000
  Translation:
    impl: RandomTranslation


[UniformTRR][summary] openings=1756 hammer_events=1756 trr_events=1684 para_events=0 bitflips=16 critical_bitflips=16 noncritical_bitflips=0 critical_trr_events=7 noncritical_trr_events=1677 critical_para_events=0 noncritical_para_events=0 budget_blocks=0 budget_resets=0 prob_checks=57 prob_successes=16 para_checks=0 para_successes=0 budget_used_final_window=0/32
MemorySystem:
  impl: GenericDRAM
  total_num_other_requests: 0
  total_num_write_requests: 0
  total_num_read_requests: 72
  memory_system_cycles: 278810
  DRAM:
    impl: DDR4
  AddrMapper:
    impl: RoBaRaCoCh


  Controller:
    impl: Generic
    id: Channel 0
    num_read_reqs_0: 72
    queue_len_avg_0: 7.52012491
    read_row_conflicts_core_0: 9
    read_row_hits_core_0: 0
    write_row_misses_0: 0
    row_misses_0: 63
    read_row_misses_core_0: 63
    write_queue_len_0: 0
    read_queue_len_avg_0: 4.30096102
    avg_read_latency_0: 16673.3887
    read_row_misses_0: 63
    priority_queue_len_0: 897535
    read_row_hits_0: 0
    read_latency_0: 1200484
    priority_queue_len_avg_0: 3.21916366
    row_conflicts_0: 9
    write_row_conflicts_0: 0
    num_write_reqs_0: 0
    write_queue_len_avg_0: 0
    queue_len_0: 2096686
    num_other_reqs_0: 0
    write_row_hits_0: 0
    row_hits_0: 0
    read_queue_len_0: 1199151
    read_row_conflicts_0: 9
    Scheduler:
      impl: FRFCFS
    RefreshManager:
      impl: AllBank


    RowPolicy:
      impl: ClosedRowPolicy
      num_close_reqs: 0
    ControllerPlugin:
      impl: UniformTRR



