Frontend:
  impl: SimpleO3
  cycles_recorded_core_0: 501657
  llc_write_misses: 0
  llc_mshr_unavailable: 1258
  llc_read_misses: 1342
  llc_write_access: 0
  memory_access_cycles_recorded_core_0: 658
  llc_read_access: 501305
  llc_eviction: 0
  num_expected_insts: 500000
  Translation:
    impl: RandomTranslation


[UniformTRR][summary] openings=75 hammer_events=75 trr_events=3 para_events=0 bitflips=57 critical_bitflips=0 noncritical_bitflips=57 critical_trr_events=3 noncritical_trr_events=0 critical_para_events=0 noncritical_para_events=0 budget_blocks=0 budget_resets=0 prob_checks=57 prob_successes=57 para_checks=0 para_successes=0 budget_used_final_window=0/32
MemorySystem:
  impl: GenericDRAM
  total_num_other_requests: 0
  total_num_write_requests: 0
  total_num_read_requests: 72
  memory_system_cycles: 188121
  DRAM:
    impl: DDR4
  AddrMapper:
    impl: RoBaRaCoCh


  Controller:
    impl: Generic
    id: Channel 0
    num_read_reqs_0: 72
    queue_len_avg_0: 0.0379915051
    read_row_conflicts_core_0: 42
    read_row_hits_core_0: 0
    write_row_misses_0: 0
    row_misses_0: 30
    read_row_misses_core_0: 30
    write_queue_len_0: 0
    read_queue_len_avg_0: 0.0353017487
    avg_read_latency_0: 114.402779
    read_row_misses_0: 30
    priority_queue_len_0: 506
    read_row_hits_0: 0
    read_latency_0: 8237
    priority_queue_len_avg_0: 0.00268975808
    row_conflicts_0: 42
    write_row_conflicts_0: 0
    num_write_reqs_0: 0
    write_queue_len_avg_0: 0
    queue_len_0: 7147
    num_other_reqs_0: 0
    write_row_hits_0: 0
    row_hits_0: 0
    read_queue_len_0: 6641
    read_row_conflicts_0: 42
    Scheduler:
      impl: FRFCFS
    RefreshManager:
      impl: AllBank


    RowPolicy:
      impl: ClosedRowPolicy
      num_close_reqs: 0
    ControllerPlugin:
      impl: UniformTRR



