Frontend:
  impl: SimpleO3
  cycles_recorded_core_0: 504772
  llc_write_misses: 0
  llc_mshr_unavailable: 2903
  llc_read_misses: 2986
  llc_write_access: 0
  memory_access_cycles_recorded_core_0: 1829
  llc_read_access: 502950
  llc_eviction: 0
  num_expected_insts: 500000
  Translation:
    impl: RandomTranslation


[UniformTRR][summary] openings=94 hammer_events=94 trr_events=22 para_events=0 bitflips=45 critical_bitflips=5 noncritical_bitflips=40 critical_trr_events=0 noncritical_trr_events=22 critical_para_events=0 noncritical_para_events=0 budget_blocks=0 budget_resets=0 prob_checks=163 prob_successes=45 para_checks=0 para_successes=0 budget_used_final_window=0/32
MemorySystem:
  impl: GenericDRAM
  total_num_other_requests: 0
  total_num_write_requests: 0
  total_num_read_requests: 72
  memory_system_cycles: 189290
  DRAM:
    impl: DDR4
  AddrMapper:
    impl: RoBaRaCoCh


  Controller:
    impl: Generic
    id: Channel 0
    num_read_reqs_0: 72
    queue_len_avg_0: 0.129129902
    read_row_conflicts_core_0: 37
    read_row_hits_core_0: 0
    write_row_misses_0: 0
    row_misses_0: 35
    read_row_misses_core_0: 35
    write_queue_len_0: 0
    read_queue_len_avg_0: 0.109530352
    avg_read_latency_0: 309.208344
    read_row_misses_0: 35
    priority_queue_len_0: 3710
    read_row_hits_0: 0
    read_latency_0: 22263
    priority_queue_len_avg_0: 0.0195995569
    row_conflicts_0: 37
    write_row_conflicts_0: 0
    num_write_reqs_0: 0
    write_queue_len_avg_0: 0
    queue_len_0: 24443
    num_other_reqs_0: 0
    write_row_hits_0: 0
    row_hits_0: 0
    read_queue_len_0: 20733
    read_row_conflicts_0: 37
    Scheduler:
      impl: FRFCFS
    RefreshManager:
      impl: AllBank


    RowPolicy:
      impl: ClosedRowPolicy
      num_close_reqs: 0
    ControllerPlugin:
      impl: UniformTRR



