Frontend:
  impl: SimpleO3
  cycles_recorded_core_0: 610583
  llc_write_misses: 0
  llc_mshr_unavailable: 70290
  llc_read_misses: 70378
  llc_write_access: 0
  memory_access_cycles_recorded_core_0: 41508
  llc_read_access: 570337
  llc_eviction: 0
  num_expected_insts: 500000
  Translation:
    impl: RandomTranslation


[UniformTRR][summary] openings=819 hammer_events=819 trr_events=747 para_events=0 bitflips=46 critical_bitflips=6 noncritical_bitflips=40 critical_trr_events=6 noncritical_trr_events=741 critical_para_events=0 noncritical_para_events=0 budget_blocks=0 budget_resets=0 prob_checks=884 prob_successes=46 para_checks=0 para_successes=0 budget_used_final_window=0/32
MemorySystem:
  impl: GenericDRAM
  total_num_other_requests: 0
  total_num_write_requests: 0
  total_num_read_requests: 72
  memory_system_cycles: 228969
  DRAM:
    impl: DDR4
  AddrMapper:
    impl: RoBaRaCoCh


  Controller:
    impl: Generic
    id: Channel 0
    num_read_reqs_0: 72
    queue_len_avg_0: 3.76404238
    read_row_conflicts_core_0: 12
    read_row_hits_core_0: 0
    write_row_misses_0: 0
    row_misses_0: 60
    read_row_misses_core_0: 60
    write_queue_len_0: 0
    read_queue_len_avg_0: 2.4648447
    avg_read_latency_0: 7857.02783
    read_row_misses_0: 60
    priority_queue_len_0: 297476
    read_row_hits_0: 0
    read_latency_0: 565706
    priority_queue_len_avg_0: 1.29919767
    row_conflicts_0: 12
    write_row_conflicts_0: 0
    num_write_reqs_0: 0
    write_queue_len_avg_0: 0
    queue_len_0: 861849
    num_other_reqs_0: 0
    write_row_hits_0: 0
    row_hits_0: 0
    read_queue_len_0: 564373
    read_row_conflicts_0: 12
    Scheduler:
      impl: FRFCFS
    RefreshManager:
      impl: AllBank


    RowPolicy:
      impl: ClosedRowPolicy
      num_close_reqs: 0
    ControllerPlugin:
      impl: UniformTRR



