Frontend:
  impl: SimpleO3
  cycles_recorded_core_0: 731578
  llc_write_misses: 0
  llc_mshr_unavailable: 135588
  llc_read_misses: 135675
  llc_write_access: 0
  memory_access_cycles_recorded_core_0: 86881
  llc_read_access: 635635
  llc_eviction: 0
  num_expected_insts: 500000
  Translation:
    impl: RandomTranslation


[UniformTRR][summary] openings=1630 hammer_events=1630 trr_events=1558 para_events=0 bitflips=76 critical_bitflips=4 noncritical_bitflips=72 critical_trr_events=91 noncritical_trr_events=1467 critical_para_events=0 noncritical_para_events=0 budget_blocks=0 budget_resets=0 prob_checks=1690 prob_successes=76 para_checks=0 para_successes=0 budget_used_final_window=0/32
MemorySystem:
  impl: GenericDRAM
  total_num_other_requests: 0
  total_num_write_requests: 0
  total_num_read_requests: 72
  memory_system_cycles: 274342
  DRAM:
    impl: DDR4
  AddrMapper:
    impl: RoBaRaCoCh


  Controller:
    impl: Generic
    id: Channel 0
    num_read_reqs_0: 72
    queue_len_avg_0: 6.93868971
    read_row_conflicts_core_0: 9
    read_row_hits_core_0: 0
    write_row_misses_0: 0
    row_misses_0: 63
    read_row_misses_core_0: 63
    write_queue_len_0: 0
    read_queue_len_avg_0: 4.00004721
    avg_read_latency_0: 15259.8057
    read_row_misses_0: 63
    priority_queue_len_0: 806193
    read_row_hits_0: 0
    read_latency_0: 1098706
    priority_queue_len_avg_0: 2.93864226
    row_conflicts_0: 9
    write_row_conflicts_0: 0
    num_write_reqs_0: 0
    write_queue_len_avg_0: 0
    queue_len_0: 1903574
    num_other_reqs_0: 0
    write_row_hits_0: 0
    row_hits_0: 0
    read_queue_len_0: 1097381
    read_row_conflicts_0: 9
    Scheduler:
      impl: FRFCFS
    RefreshManager:
      impl: AllBank


    RowPolicy:
      impl: ClosedRowPolicy
      num_close_reqs: 0
    ControllerPlugin:
      impl: UniformTRR



