Frontend:
  impl: SimpleO3
  cycles_recorded_core_0: 506559
  llc_write_misses: 0
  llc_mshr_unavailable: 3215
  llc_read_misses: 3303
  llc_write_access: 0
  memory_access_cycles_recorded_core_0: 2499
  llc_read_access: 503262
  llc_eviction: 0
  num_expected_insts: 500000
  Translation:
    impl: RandomTranslation


[UniformTRR][summary] openings=107 hammer_events=107 trr_events=35 para_events=0 bitflips=45 critical_bitflips=2 noncritical_bitflips=43 critical_trr_events=6 noncritical_trr_events=29 critical_para_events=0 noncritical_para_events=0 budget_blocks=0 budget_resets=0 prob_checks=176 prob_successes=45 para_checks=0 para_successes=0 budget_used_final_window=0/32
MemorySystem:
  impl: GenericDRAM
  total_num_other_requests: 0
  total_num_write_requests: 0
  total_num_read_requests: 72
  memory_system_cycles: 189960
  DRAM:
    impl: DDR4
  AddrMapper:
    impl: RoBaRaCoCh


  Controller:
    impl: Generic
    id: Channel 0
    num_read_reqs_0: 72
    queue_len_avg_0: 0.177900612
    read_row_conflicts_core_0: 37
    read_row_hits_core_0: 0
    write_row_misses_0: 0
    row_misses_0: 35
    read_row_misses_core_0: 35
    write_queue_len_0: 0
    read_queue_len_avg_0: 0.144377768
    avg_read_latency_0: 401.736115
    read_row_misses_0: 35
    priority_queue_len_0: 6368
    read_row_hits_0: 0
    read_latency_0: 28925
    priority_queue_len_avg_0: 0.033522848
    row_conflicts_0: 37
    write_row_conflicts_0: 0
    num_write_reqs_0: 0
    write_queue_len_avg_0: 0
    queue_len_0: 33794
    num_other_reqs_0: 0
    write_row_hits_0: 0
    row_hits_0: 0
    read_queue_len_0: 27426
    read_row_conflicts_0: 37
    Scheduler:
      impl: FRFCFS
    RefreshManager:
      impl: AllBank


    RowPolicy:
      impl: ClosedRowPolicy
      num_close_reqs: 0
    ControllerPlugin:
      impl: UniformTRR



