Frontend:
  impl: SimpleO3
  cycles_recorded_core_0: 551295
  llc_write_misses: 0
  llc_mshr_unavailable: 34052
  llc_read_misses: 34139
  llc_write_access: 0
  memory_access_cycles_recorded_core_0: 19275
  llc_read_access: 534099
  llc_eviction: 0
  num_expected_insts: 500000
  Translation:
    impl: RandomTranslation


[UniformTRR][summary] openings=396 hammer_events=396 trr_events=324 para_events=0 bitflips=22 critical_bitflips=2 noncritical_bitflips=20 critical_trr_events=1 noncritical_trr_events=323 critical_para_events=0 noncritical_para_events=0 budget_blocks=0 budget_resets=0 prob_checks=465 prob_successes=22 para_checks=0 para_successes=0 budget_used_final_window=0/32
MemorySystem:
  impl: GenericDRAM
  total_num_other_requests: 0
  total_num_write_requests: 0
  total_num_read_requests: 72
  memory_system_cycles: 206736
  DRAM:
    impl: DDR4
  AddrMapper:
    impl: RoBaRaCoCh


  Controller:
    impl: Generic
    id: Channel 0
    num_read_reqs_0: 72
    queue_len_avg_0: 1.7147038
    read_row_conflicts_core_0: 16
    read_row_hits_core_0: 0
    write_row_misses_0: 0
    row_misses_0: 56
    read_row_misses_core_0: 56
    write_queue_len_0: 0
    read_queue_len_avg_0: 1.25873089
    avg_read_latency_0: 3633.125
    read_row_misses_0: 56
    priority_queue_len_0: 94266
    read_row_hits_0: 0
    read_latency_0: 261585
    priority_queue_len_avg_0: 0.455972821
    row_conflicts_0: 16
    write_row_conflicts_0: 0
    num_write_reqs_0: 0
    write_queue_len_avg_0: 0
    queue_len_0: 354491
    num_other_reqs_0: 0
    write_row_hits_0: 0
    row_hits_0: 0
    read_queue_len_0: 260225
    read_row_conflicts_0: 16
    Scheduler:
      impl: FRFCFS
    RefreshManager:
      impl: AllBank


    RowPolicy:
      impl: ClosedRowPolicy
      num_close_reqs: 0
    ControllerPlugin:
      impl: UniformTRR



