Frontend:
  impl: SimpleO3
  cycles_recorded_core_0: 560396
  llc_write_misses: 0
  llc_mshr_unavailable: 35279
  llc_read_misses: 35367
  llc_write_access: 0
  memory_access_cycles_recorded_core_0: 22688
  llc_read_access: 535326
  llc_eviction: 0
  num_expected_insts: 500000
  Translation:
    impl: RandomTranslation


[UniformTRR][summary] openings=462 hammer_events=462 trr_events=390 para_events=0 bitflips=27 critical_bitflips=4 noncritical_bitflips=23 critical_trr_events=8 noncritical_trr_events=382 critical_para_events=0 noncritical_para_events=0 budget_blocks=0 budget_resets=0 prob_checks=531 prob_successes=27 para_checks=0 para_successes=0 budget_used_final_window=0/32
MemorySystem:
  impl: GenericDRAM
  total_num_other_requests: 0
  total_num_write_requests: 0
  total_num_read_requests: 72
  memory_system_cycles: 210149
  DRAM:
    impl: DDR4
  AddrMapper:
    impl: RoBaRaCoCh


  Controller:
    impl: Generic
    id: Channel 0
    num_read_reqs_0: 72
    queue_len_avg_0: 1.90491033
    read_row_conflicts_core_0: 14
    read_row_hits_core_0: 0
    write_row_misses_0: 0
    row_misses_0: 58
    read_row_misses_core_0: 58
    write_queue_len_0: 0
    read_queue_len_avg_0: 1.35556674
    avg_read_latency_0: 3975.33325
    read_row_misses_0: 58
    priority_queue_len_0: 115444
    read_row_hits_0: 0
    read_latency_0: 286224
    priority_queue_len_avg_0: 0.549343586
    row_conflicts_0: 14
    write_row_conflicts_0: 0
    num_write_reqs_0: 0
    write_queue_len_avg_0: 0
    queue_len_0: 400315
    num_other_reqs_0: 0
    write_row_hits_0: 0
    row_hits_0: 0
    read_queue_len_0: 284871
    read_row_conflicts_0: 14
    Scheduler:
      impl: FRFCFS
    RefreshManager:
      impl: AllBank


    RowPolicy:
      impl: ClosedRowPolicy
      num_close_reqs: 0
    ControllerPlugin:
      impl: UniformTRR



