Frontend:
  impl: SimpleO3
  cycles_recorded_core_0: 501915
  llc_write_misses: 0
  llc_mshr_unavailable: 1050
  llc_read_misses: 1133
  llc_write_access: 0
  memory_access_cycles_recorded_core_0: 755
  llc_read_access: 501097
  llc_eviction: 0
  num_expected_insts: 500000
  Translation:
    impl: RandomTranslation


[UniformTRR][summary] openings=76 hammer_events=76 trr_events=4 para_events=0 bitflips=18 critical_bitflips=0 noncritical_bitflips=18 critical_trr_events=2 noncritical_trr_events=2 critical_para_events=0 noncritical_para_events=0 budget_blocks=0 budget_resets=0 prob_checks=76 prob_successes=18 para_checks=0 para_successes=0 budget_used_final_window=0/32
MemorySystem:
  impl: GenericDRAM
  total_num_other_requests: 0
  total_num_write_requests: 0
  total_num_read_requests: 72
  memory_system_cycles: 188218
  DRAM:
    impl: DDR4
  AddrMapper:
    impl: RoBaRaCoCh


  Controller:
    impl: Generic
    id: Channel 0
    num_read_reqs_0: 72
    queue_len_avg_0: 0.0371005945
    read_row_conflicts_core_0: 44
    read_row_hits_core_0: 0
    write_row_misses_0: 0
    row_misses_0: 28
    read_row_misses_core_0: 28
    write_queue_len_0: 0
    read_queue_len_avg_0: 0.0330627263
    avg_read_latency_0: 106.597221
    read_row_misses_0: 28
    priority_queue_len_0: 760
    read_row_hits_0: 0
    read_latency_0: 7675
    priority_queue_len_avg_0: 0.00403787103
    row_conflicts_0: 44
    write_row_conflicts_0: 0
    num_write_reqs_0: 0
    write_queue_len_avg_0: 0
    queue_len_0: 6983
    num_other_reqs_0: 0
    write_row_hits_0: 0
    row_hits_0: 0
    read_queue_len_0: 6223
    read_row_conflicts_0: 44
    Scheduler:
      impl: FRFCFS
    RefreshManager:
      impl: AllBank


    RowPolicy:
      impl: ClosedRowPolicy
      num_close_reqs: 0
    ControllerPlugin:
      impl: UniformTRR



