Frontend:
  impl: SimpleO3
  cycles_recorded_core_0: 503190
  llc_write_misses: 0
  llc_mshr_unavailable: 1738
  llc_read_misses: 1822
  llc_write_access: 0
  memory_access_cycles_recorded_core_0: 1233
  llc_read_access: 501785
  llc_eviction: 0
  num_expected_insts: 500000
  Translation:
    impl: RandomTranslation


[UniformTRR][summary] openings=85 hammer_events=85 trr_events=13 para_events=0 bitflips=16 critical_bitflips=2 noncritical_bitflips=14 critical_trr_events=1 noncritical_trr_events=12 critical_para_events=0 noncritical_para_events=0 budget_blocks=0 budget_resets=0 prob_checks=155 prob_successes=16 para_checks=0 para_successes=0 budget_used_final_window=0/32
MemorySystem:
  impl: GenericDRAM
  total_num_other_requests: 0
  total_num_write_requests: 0
  total_num_read_requests: 72
  memory_system_cycles: 188696
  DRAM:
    impl: DDR4
  AddrMapper:
    impl: RoBaRaCoCh


  Controller:
    impl: Generic
    id: Channel 0
    num_read_reqs_0: 72
    queue_len_avg_0: 0.0709712952
    read_row_conflicts_core_0: 41
    read_row_hits_core_0: 0
    write_row_misses_0: 0
    row_misses_0: 31
    read_row_misses_core_0: 31
    write_queue_len_0: 0
    read_queue_len_avg_0: 0.0599906743
    avg_read_latency_0: 178.777771
    read_row_misses_0: 31
    priority_queue_len_0: 2072
    read_row_hits_0: 0
    read_latency_0: 12872
    priority_queue_len_avg_0: 0.0109806247
    row_conflicts_0: 41
    write_row_conflicts_0: 0
    num_write_reqs_0: 0
    write_queue_len_avg_0: 0
    queue_len_0: 13392
    num_other_reqs_0: 0
    write_row_hits_0: 0
    row_hits_0: 0
    read_queue_len_0: 11320
    read_row_conflicts_0: 41
    Scheduler:
      impl: FRFCFS
    RefreshManager:
      impl: AllBank


    RowPolicy:
      impl: ClosedRowPolicy
      num_close_reqs: 0
    ControllerPlugin:
      impl: UniformTRR



