Frontend:
  impl: SimpleO3
  cycles_recorded_core_0: 549010
  llc_write_misses: 0
  llc_mshr_unavailable: 26578
  llc_read_misses: 26666
  llc_write_access: 0
  memory_access_cycles_recorded_core_0: 18418
  llc_read_access: 526625
  llc_eviction: 0
  num_expected_insts: 500000
  Translation:
    impl: RandomTranslation


[UniformTRR][summary] openings=390 hammer_events=390 trr_events=318 para_events=0 bitflips=92 critical_bitflips=3 noncritical_bitflips=89 critical_trr_events=29 noncritical_trr_events=289 critical_para_events=0 noncritical_para_events=0 budget_blocks=0 budget_resets=0 prob_checks=455 prob_successes=92 para_checks=0 para_successes=0 budget_used_final_window=0/32
MemorySystem:
  impl: GenericDRAM
  total_num_other_requests: 0
  total_num_write_requests: 0
  total_num_read_requests: 72
  memory_system_cycles: 205879
  DRAM:
    impl: DDR4
  AddrMapper:
    impl: RoBaRaCoCh


  Controller:
    impl: Generic
    id: Channel 0
    num_read_reqs_0: 72
    queue_len_avg_0: 1.50416994
    read_row_conflicts_core_0: 13
    read_row_hits_core_0: 0
    write_row_misses_0: 0
    row_misses_0: 59
    read_row_misses_core_0: 59
    write_queue_len_0: 0
    read_queue_len_avg_0: 1.04100955
    avg_read_latency_0: 2995.20825
    read_row_misses_0: 59
    priority_queue_len_0: 95355
    read_row_hits_0: 0
    read_latency_0: 215655
    priority_queue_len_avg_0: 0.463160396
    row_conflicts_0: 13
    write_row_conflicts_0: 0
    num_write_reqs_0: 0
    write_queue_len_avg_0: 0
    queue_len_0: 309677
    num_other_reqs_0: 0
    write_row_hits_0: 0
    row_hits_0: 0
    read_queue_len_0: 214322
    read_row_conflicts_0: 13
    Scheduler:
      impl: FRFCFS
    RefreshManager:
      impl: AllBank


    RowPolicy:
      impl: ClosedRowPolicy
      num_close_reqs: 0
    ControllerPlugin:
      impl: UniformTRR



