Frontend:
  impl: SimpleO3
  cycles_recorded_core_0: 501281
  llc_write_misses: 0
  llc_mshr_unavailable: 1042
  llc_read_misses: 1125
  llc_write_access: 0
  memory_access_cycles_recorded_core_0: 517
  llc_read_access: 501089
  llc_eviction: 0
  num_expected_insts: 500000
  Translation:
    impl: RandomTranslation


[UniformTRR][summary] openings=73 hammer_events=73 trr_events=1 para_events=0 bitflips=36 critical_bitflips=2 noncritical_bitflips=34 critical_trr_events=1 noncritical_trr_events=0 critical_para_events=0 noncritical_para_events=0 budget_blocks=0 budget_resets=0 prob_checks=145 prob_successes=36 para_checks=0 para_successes=0 budget_used_final_window=0/32
MemorySystem:
  impl: GenericDRAM
  total_num_other_requests: 0
  total_num_write_requests: 0
  total_num_read_requests: 72
  memory_system_cycles: 187980
  DRAM:
    impl: DDR4
  AddrMapper:
    impl: RoBaRaCoCh


  Controller:
    impl: Generic
    id: Channel 0
    num_read_reqs_0: 72
    queue_len_avg_0: 0.025454836
    read_row_conflicts_core_0: 43
    read_row_hits_core_0: 0
    write_row_misses_0: 0
    row_misses_0: 29
    read_row_misses_core_0: 29
    write_queue_len_0: 0
    read_queue_len_avg_0: 0.0243164171
    avg_read_latency_0: 85.1805573
    read_row_misses_0: 29
    priority_queue_len_0: 214
    read_row_hits_0: 0
    read_latency_0: 6133
    priority_queue_len_avg_0: 0.00113841903
    row_conflicts_0: 43
    write_row_conflicts_0: 0
    num_write_reqs_0: 0
    write_queue_len_avg_0: 0
    queue_len_0: 4785
    num_other_reqs_0: 0
    write_row_hits_0: 0
    row_hits_0: 0
    read_queue_len_0: 4571
    read_row_conflicts_0: 43
    Scheduler:
      impl: FRFCFS
    RefreshManager:
      impl: AllBank


    RowPolicy:
      impl: ClosedRowPolicy
      num_close_reqs: 0
    ControllerPlugin:
      impl: UniformTRR



