Frontend:
  impl: SimpleO3
  cycles_recorded_core_0: 819839
  llc_write_misses: 0
  llc_mshr_unavailable: 195604
  llc_read_misses: 195691
  llc_write_access: 0
  memory_access_cycles_recorded_core_0: 119979
  llc_read_access: 695651
  llc_eviction: 0
  num_expected_insts: 500000
  Translation:
    impl: RandomTranslation


[UniformTRR][summary] openings=2231 hammer_events=2231 trr_events=2159 para_events=0 bitflips=10 critical_bitflips=10 noncritical_bitflips=0 critical_trr_events=42 noncritical_trr_events=2117 critical_para_events=0 noncritical_para_events=0 budget_blocks=0 budget_resets=0 prob_checks=54 prob_successes=10 para_checks=0 para_successes=0 budget_used_final_window=0/32
MemorySystem:
  impl: GenericDRAM
  total_num_other_requests: 0
  total_num_write_requests: 0
  total_num_read_requests: 72
  memory_system_cycles: 307440
  DRAM:
    impl: DDR4
  AddrMapper:
    impl: RoBaRaCoCh


  Controller:
    impl: Generic
    id: Channel 0
    num_read_reqs_0: 72
    queue_len_avg_0: 9.5061512
    read_row_conflicts_core_0: 9
    read_row_hits_core_0: 0
    write_row_misses_0: 0
    row_misses_0: 63
    read_row_misses_core_0: 63
    write_queue_len_0: 0
    read_queue_len_avg_0: 5.15572166
    avg_read_latency_0: 22033.4453
    read_row_misses_0: 63
    priority_queue_len_0: 1337496
    read_row_hits_0: 0
    read_latency_0: 1586408
    priority_queue_len_avg_0: 4.35042953
    row_conflicts_0: 9
    write_row_conflicts_0: 0
    num_write_reqs_0: 0
    write_queue_len_avg_0: 0
    queue_len_0: 2922571
    num_other_reqs_0: 0
    write_row_hits_0: 0
    row_hits_0: 0
    read_queue_len_0: 1585075
    read_row_conflicts_0: 9
    Scheduler:
      impl: FRFCFS
    RefreshManager:
      impl: AllBank


    RowPolicy:
      impl: ClosedRowPolicy
      num_close_reqs: 0
    ControllerPlugin:
      impl: UniformTRR



