Frontend:
  impl: SimpleO3
  cycles_recorded_core_0: 611671
  llc_write_misses: 0
  llc_mshr_unavailable: 61279
  llc_read_misses: 61367
  llc_write_access: 0
  memory_access_cycles_recorded_core_0: 41916
  llc_read_access: 561326
  llc_eviction: 0
  num_expected_insts: 500000
  Translation:
    impl: RandomTranslation


[UniformTRR][summary] openings=843 hammer_events=843 trr_events=771 para_events=0 bitflips=42 critical_bitflips=1 noncritical_bitflips=41 critical_trr_events=48 noncritical_trr_events=723 critical_para_events=0 noncritical_para_events=0 budget_blocks=0 budget_resets=0 prob_checks=912 prob_successes=42 para_checks=0 para_successes=0 budget_used_final_window=0/32
MemorySystem:
  impl: GenericDRAM
  total_num_other_requests: 0
  total_num_write_requests: 0
  total_num_read_requests: 72
  memory_system_cycles: 229377
  DRAM:
    impl: DDR4
  AddrMapper:
    impl: RoBaRaCoCh


  Controller:
    impl: Generic
    id: Channel 0
    num_read_reqs_0: 72
    queue_len_avg_0: 3.7840848
    read_row_conflicts_core_0: 13
    read_row_hits_core_0: 0
    write_row_misses_0: 0
    row_misses_0: 59
    read_row_misses_core_0: 59
    write_queue_len_0: 0
    read_queue_len_avg_0: 2.23150539
    avg_read_latency_0: 7127.90283
    read_row_misses_0: 59
    priority_queue_len_0: 356126
    read_row_hits_0: 0
    read_latency_0: 513209
    priority_queue_len_avg_0: 1.5525794
    row_conflicts_0: 13
    write_row_conflicts_0: 0
    num_write_reqs_0: 0
    write_queue_len_avg_0: 0
    queue_len_0: 867982
    num_other_reqs_0: 0
    write_row_hits_0: 0
    row_hits_0: 0
    read_queue_len_0: 511856
    read_row_conflicts_0: 13
    Scheduler:
      impl: FRFCFS
    RefreshManager:
      impl: AllBank


    RowPolicy:
      impl: ClosedRowPolicy
      num_close_reqs: 0
    ControllerPlugin:
      impl: UniformTRR



