Frontend:
  impl: SimpleO3
  cycles_recorded_core_0: 508810
  llc_write_misses: 0
  llc_mshr_unavailable: 5119
  llc_read_misses: 5205
  llc_write_access: 0
  memory_access_cycles_recorded_core_0: 3343
  llc_read_access: 505166
  llc_eviction: 0
  num_expected_insts: 500000
  Translation:
    impl: RandomTranslation


[UniformTRR][summary] openings=118 hammer_events=118 trr_events=46 para_events=0 bitflips=11 critical_bitflips=1 noncritical_bitflips=10 critical_trr_events=2 noncritical_trr_events=44 critical_para_events=0 noncritical_para_events=0 budget_blocks=0 budget_resets=0 prob_checks=80 prob_successes=11 para_checks=0 para_successes=0 budget_used_final_window=0/32
MemorySystem:
  impl: GenericDRAM
  total_num_other_requests: 0
  total_num_write_requests: 0
  total_num_read_requests: 72
  memory_system_cycles: 190804
  DRAM:
    impl: DDR4
  AddrMapper:
    impl: RoBaRaCoCh


  Controller:
    impl: Generic
    id: Channel 0
    num_read_reqs_0: 72
    queue_len_avg_0: 0.238202557
    read_row_conflicts_core_0: 33
    read_row_hits_core_0: 0
    write_row_misses_0: 0
    row_misses_0: 39
    read_row_misses_core_0: 39
    write_queue_len_0: 0
    read_queue_len_avg_0: 0.189985529
    avg_read_latency_0: 523.666687
    read_row_misses_0: 39
    priority_queue_len_0: 9200
    read_row_hits_0: 0
    read_latency_0: 37704
    priority_queue_len_avg_0: 0.0482170172
    row_conflicts_0: 33
    write_row_conflicts_0: 0
    num_write_reqs_0: 0
    write_queue_len_avg_0: 0
    queue_len_0: 45450
    num_other_reqs_0: 0
    write_row_hits_0: 0
    row_hits_0: 0
    read_queue_len_0: 36250
    read_row_conflicts_0: 33
    Scheduler:
      impl: FRFCFS
    RefreshManager:
      impl: AllBank


    RowPolicy:
      impl: ClosedRowPolicy
      num_close_reqs: 0
    ControllerPlugin:
      impl: UniformTRR



