Frontend:
  impl: SimpleO3
  cycles_recorded_core_0: 501497
  llc_write_misses: 0
  llc_mshr_unavailable: 1042
  llc_read_misses: 1125
  llc_write_access: 0
  memory_access_cycles_recorded_core_0: 598
  llc_read_access: 501089
  llc_eviction: 0
  num_expected_insts: 500000
  Translation:
    impl: RandomTranslation


[UniformTRR][summary] openings=74 hammer_events=74 trr_events=2 para_events=0 bitflips=18 critical_bitflips=0 noncritical_bitflips=18 critical_trr_events=2 noncritical_trr_events=0 critical_para_events=0 noncritical_para_events=0 budget_blocks=0 budget_resets=0 prob_checks=144 prob_successes=18 para_checks=0 para_successes=0 budget_used_final_window=0/32
MemorySystem:
  impl: GenericDRAM
  total_num_other_requests: 0
  total_num_write_requests: 0
  total_num_read_requests: 72
  memory_system_cycles: 188061
  DRAM:
    impl: DDR4
  AddrMapper:
    impl: RoBaRaCoCh


  Controller:
    impl: Generic
    id: Channel 0
    num_read_reqs_0: 72
    queue_len_avg_0: 0.0294478927
    read_row_conflicts_core_0: 43
    read_row_hits_core_0: 0
    write_row_misses_0: 0
    row_misses_0: 29
    read_row_misses_core_0: 29
    write_queue_len_0: 0
    read_queue_len_avg_0: 0.0275336187
    avg_read_latency_0: 93.5972214
    read_row_misses_0: 29
    priority_queue_len_0: 360
    read_row_hits_0: 0
    read_latency_0: 6739
    priority_queue_len_avg_0: 0.00191427255
    row_conflicts_0: 43
    write_row_conflicts_0: 0
    num_write_reqs_0: 0
    write_queue_len_avg_0: 0
    queue_len_0: 5538
    num_other_reqs_0: 0
    write_row_hits_0: 0
    row_hits_0: 0
    read_queue_len_0: 5178
    read_row_conflicts_0: 43
    Scheduler:
      impl: FRFCFS
    RefreshManager:
      impl: AllBank


    RowPolicy:
      impl: ClosedRowPolicy
      num_close_reqs: 0
    ControllerPlugin:
      impl: UniformTRR



